This file contains any messages produced by compilers while
running configure, to aid debugging if configure makes a mistake.

It was created by configure, which was
generated by GNU Autoconf 2.71.  Invocation command line was

  $ ./configure

## --------- ##
## Platform. ##
## --------- ##

hostname = eyals-MacBook-Air.local
uname -m = arm64
uname -r = 23.5.0
uname -s = Darwin
uname -v = Darwin Kernel Version 23.5.0: Wed May  1 20:16:51 PDT 2024; root:xnu-10063.121.3~5/RELEASE_ARM64_T8103

/usr/bin/uname -p = arm
/bin/uname -X     = unknown

/bin/arch              = unknown
/usr/bin/arch -k       = unknown
/usr/convex/getsysinfo = unknown
/usr/bin/hostinfo      = Mach kernel version:
	 Darwin Kernel Version 23.5.0: Wed May  1 20:16:51 PDT 2024; root:xnu-10063.121.3~5/RELEASE_ARM64_T8103
Kernel configured for up to 8 processors.
8 processors are physically available.
8 processors are logically available.
Processor type: arm64e (ARM64E)
Processors active: 0 1 2 3 4 5 6 7
Primary memory available: 16.00 gigabytes
Default processor set: 538 tasks, 3213 threads, 8 processors
Load average: 4.46, Mach factor: 3.67
/bin/machine           = unknown
/usr/bin/oslevel       = unknown
/bin/universe          = unknown

PATH: /opt/homebrew/bin/
PATH: /opt/homebrew/sbin/
PATH: /usr/local/bin/
PATH: /System/Cryptexes/App/usr/bin/
PATH: /usr/bin/
PATH: /bin/
PATH: /usr/sbin/
PATH: /sbin/
PATH: /var/run/com.apple.security.cryptexd/codex.system/bootstrap/usr/local/bin/
PATH: /var/run/com.apple.security.cryptexd/codex.system/bootstrap/usr/bin/
PATH: /var/run/com.apple.security.cryptexd/codex.system/bootstrap/usr/appleinternal/bin/
PATH: /usr/local/share/dotnet/
PATH: ~/.dotnet/tools/
PATH: /Library/Frameworks/Mono.framework/Versions/Current/Commands/
PATH: /Applications/iTerm.app/Contents/Resources/utilities/
PATH: /Users/eyalrothschild/Library/Application Support/JetBrains/Toolbox/scripts/


## ----------- ##
## Core tests. ##
## ----------- ##

configure:3347: looking for aux files: install-sh config.guess config.sub ltmain.sh
configure:3360:  trying ./build-scripts/
configure:3371:   ./build-scripts/install-sh found
configure:3389:   ./build-scripts/config.guess found
configure:3389:   ./build-scripts/config.sub found
configure:3389:   ./build-scripts/ltmain.sh found
configure:3536: WARNING: Libtool does not cope well with whitespace in `pwd`
configure:3566: checking build system type
configure:3581: result: aarch64-apple-darwin23.5.0
configure:3601: checking host system type
configure:3615: result: aarch64-apple-darwin23.5.0
configure:3656: checking how to print strings
configure:3683: result: printf
configure:3766: checking for gcc
configure:3787: found /usr/bin/gcc
configure:3798: result: gcc
configure:4151: checking for C compiler version
configure:4160: gcc --version >&5
Apple clang version 15.0.0 (clang-1500.3.9.4)
Target: arm64-apple-darwin23.5.0
Thread model: posix
InstalledDir: /Library/Developer/CommandLineTools/usr/bin
configure:4171: $? = 0
configure:4160: gcc -v >&5
Apple clang version 15.0.0 (clang-1500.3.9.4)
Target: arm64-apple-darwin23.5.0
Thread model: posix
InstalledDir: /Library/Developer/CommandLineTools/usr/bin
configure:4171: $? = 0
configure:4160: gcc -V >&5
clang: error: argument to '-V' is missing (expected 1 value)
clang: error: no input files
configure:4171: $? = 1
configure:4160: gcc -qversion >&5
clang: error: unknown argument '-qversion'; did you mean '--version'?
clang: error: no input files
configure:4171: $? = 1
configure:4160: gcc -version >&5
clang: error: unknown argument '-version'; did you mean '--version'?
clang: error: no input files
configure:4171: $? = 1
configure:4191: checking whether the C compiler works
configure:4213: gcc    conftest.c  >&5
configure:4217: $? = 0
configure:4267: result: yes
configure:4270: checking for C compiler default output file name
configure:4272: result: a.out
configure:4278: checking for suffix of executables
configure:4285: gcc -o conftest    conftest.c  >&5
configure:4289: $? = 0
configure:4312: result: 
configure:4334: checking whether we are cross compiling
configure:4342: gcc -o conftest    conftest.c  >&5
configure:4346: $? = 0
configure:4353: ./conftest
configure:4357: $? = 0
configure:4372: result: no
configure:4377: checking for suffix of object files
configure:4400: gcc -c   conftest.c >&5
configure:4404: $? = 0
configure:4426: result: o
configure:4430: checking whether the compiler supports GNU C
configure:4450: gcc -c   conftest.c >&5
configure:4450: $? = 0
configure:4460: result: yes
configure:4471: checking whether gcc accepts -g
configure:4492: gcc -c -g  conftest.c >&5
configure:4492: $? = 0
configure:4536: result: yes
configure:4556: checking for gcc option to enable C11 features
configure:4571: gcc  -c -g -O2  conftest.c >&5
conftest.c:23:14: warning: a function definition without a prototype is deprecated in all versions of C and is not supported in C2x [-Wdeprecated-non-prototype]
static char *e (p, i)
             ^
1 warning generated.
configure:4571: $? = 0
configure:4589: result: none needed
configure:4699: checking for a sed that does not truncate output
configure:4769: result: /usr/bin/sed
configure:4787: checking for grep that handles long lines and -e
configure:4851: result: /usr/bin/grep
configure:4856: checking for egrep
configure:4924: result: /usr/bin/grep -E
configure:4929: checking for fgrep
configure:4997: result: /usr/bin/grep -F
configure:5033: checking for ld used by gcc
configure:5101: result: /Library/Developer/CommandLineTools/usr/bin/ld
configure:5108: checking if the linker (/Library/Developer/CommandLineTools/usr/bin/ld) is GNU ld
configure:5124: result: no
configure:5136: checking for BSD- or MS-compatible name lister (nm)
configure:5191: result: /usr/bin/nm -B
configure:5331: checking the name lister (/usr/bin/nm -B) interface
configure:5339: gcc -c -g -O2  conftest.c >&5
configure:5342: /usr/bin/nm -B "conftest.o"
configure:5345: output
000000000000024c S _some_variable
0000000000000000 t ltmp0
000000000000024c s ltmp1
configure:5352: result: BSD nm
configure:5355: checking whether ln -s works
configure:5359: result: yes
configure:5367: checking the maximum length of command line arguments
configure:5499: result: 786432
configure:5547: checking how to convert aarch64-apple-darwin23.5.0 file names to aarch64-apple-darwin23.5.0 format
configure:5588: result: func_convert_file_noop
configure:5595: checking how to convert aarch64-apple-darwin23.5.0 file names to toolchain format
configure:5616: result: func_convert_file_noop
configure:5623: checking for /Library/Developer/CommandLineTools/usr/bin/ld option to reload object files
configure:5631: result: -r
configure:5710: checking for objdump
configure:5731: found /usr/bin/objdump
configure:5742: result: objdump
configure:5771: checking how to recognize dependent libraries
configure:5974: result: pass_all
configure:6064: checking for dlltool
configure:6099: result: no
configure:6126: checking how to associate runtime and link libraries
configure:6154: result: printf %s\n
configure:6220: checking for ar
configure:6241: found /usr/bin/ar
configure:6252: result: ar
configure:6289: checking for archiver @FILE support
configure:6307: gcc -c -g -O2  conftest.c >&5
configure:6307: $? = 0
configure:6311: ar cru libconftest.a @conftest.lst >&5
ar: @conftest.lst: No such file or directory
configure:6314: $? = 1
configure:6334: result: no
configure:6397: checking for strip
configure:6418: found /usr/bin/strip
configure:6429: result: strip
configure:6506: checking for ranlib
configure:6527: found /usr/bin/ranlib
configure:6538: result: ranlib
configure:6608: checking for gawk
configure:6643: result: no
configure:6608: checking for mawk
configure:6643: result: no
configure:6608: checking for nawk
configure:6643: result: no
configure:6608: checking for awk
configure:6629: found /usr/bin/awk
configure:6640: result: awk
configure:6680: checking command to parse /usr/bin/nm -B output from gcc object
configure:6834: gcc -c -g -O2  conftest.c >&5
configure:6837: $? = 0
configure:6841: /usr/bin/nm -B conftest.o \| sed -n -e 's/^.*[ ]\([ABCDGIRSTW][ABCDGIRSTW]*\)[ ][ ]*\([_A-Za-z][_A-Za-z0-9]*\)$/\1 \2 \2/p' | sed '/ __gnu_lto/d' \> conftest.nm
configure:6844: $? = 0
cannot find nm_test_var in conftest.nm
configure:6834: gcc -c -g -O2  conftest.c >&5
configure:6837: $? = 0
configure:6841: /usr/bin/nm -B conftest.o \| sed -n -e 's/^.*[ ]\([ABCDGIRSTW][ABCDGIRSTW]*\)[ ][ ]*_\([_A-Za-z][_A-Za-z0-9]*\)$/\1 _\2 \2/p' | sed '/ __gnu_lto/d' \> conftest.nm
configure:6844: $? = 0
configure:6910: gcc -o conftest -g -O2   conftest.c conftstm.o >&5
configure:6913: $? = 0
configure:6951: result: ok
configure:6998: checking for sysroot
configure:7029: result: no
configure:7036: checking for a working dd
configure:7080: result: /bin/dd
configure:7084: checking how to truncate binary pipes
configure:7100: result: /bin/dd bs=4096 count=1
configure:7437: checking for mt
configure:7472: result: no
configure:7492: checking if : is a manifest tool
configure:7499: : '-?'
configure:7507: result: no
configure:7568: checking for dsymutil
configure:7589: found /usr/bin/dsymutil
configure:7600: result: dsymutil
configure:7670: checking for nmedit
configure:7691: found /usr/bin/nmedit
configure:7702: result: nmedit
configure:7772: checking for lipo
configure:7793: found /usr/bin/lipo
configure:7804: result: lipo
configure:7874: checking for otool
configure:7895: found /usr/bin/otool
configure:7906: result: otool
configure:7976: checking for otool64
configure:8011: result: no
configure:8056: checking for -single_module linker flag
gcc -g -O2  -o libconftest.dylib -dynamiclib -Wl,-single_module conftest.c
ld: warning: -single_module is obsolete
configure:8090: result: no
configure:8093: checking for -exported_symbols_list linker flag
configure:8114: gcc -o conftest -g -O2   -Wl,-exported_symbols_list,conftest.sym conftest.c  >&5
configure:8114: $? = 0
configure:8125: result: yes
configure:8128: checking for -force_load linker flag
gcc -g -O2 -c -o conftest.o conftest.c
ar cru libconftest.a conftest.o
ranlib libconftest.a
gcc -g -O2  -o conftest conftest.c -Wl,-force_load,./libconftest.a
configure:8161: result: yes
configure:8232: checking for stdio.h
configure:8232: gcc -c -g -O2  conftest.c >&5
configure:8232: $? = 0
configure:8232: result: yes
configure:8232: checking for stdlib.h
configure:8232: gcc -c -g -O2  conftest.c >&5
configure:8232: $? = 0
configure:8232: result: yes
configure:8232: checking for string.h
configure:8232: gcc -c -g -O2  conftest.c >&5
configure:8232: $? = 0
configure:8232: result: yes
configure:8232: checking for inttypes.h
configure:8232: gcc -c -g -O2  conftest.c >&5
configure:8232: $? = 0
configure:8232: result: yes
configure:8232: checking for stdint.h
configure:8232: gcc -c -g -O2  conftest.c >&5
configure:8232: $? = 0
configure:8232: result: yes
configure:8232: checking for strings.h
configure:8232: gcc -c -g -O2  conftest.c >&5
configure:8232: $? = 0
configure:8232: result: yes
configure:8232: checking for sys/stat.h
configure:8232: gcc -c -g -O2  conftest.c >&5
configure:8232: $? = 0
configure:8232: result: yes
configure:8232: checking for sys/types.h
configure:8232: gcc -c -g -O2  conftest.c >&5
configure:8232: $? = 0
configure:8232: result: yes
configure:8232: checking for unistd.h
configure:8232: gcc -c -g -O2  conftest.c >&5
configure:8232: $? = 0
configure:8232: result: yes
configure:8257: checking for dlfcn.h
configure:8257: gcc -c -g -O2  conftest.c >&5
configure:8257: $? = 0
configure:8257: result: yes
configure:8844: checking for objdir
configure:8860: result: .libs
configure:9124: checking if gcc supports -fno-rtti -fno-exceptions
configure:9143: gcc -c -g -O2  -fno-rtti -fno-exceptions conftest.c >&5
configure:9147: $? = 0
configure:9160: result: yes
configure:9518: checking for gcc option to produce PIC
configure:9526: result: -fno-common -DPIC
configure:9534: checking if gcc PIC flag -fno-common -DPIC works
configure:9553: gcc -c -g -O2  -fno-common -DPIC -DPIC conftest.c >&5
configure:9557: $? = 0
configure:9570: result: yes
configure:9599: checking if gcc static flag -static works
configure:9628: result: no
configure:9643: checking if gcc supports -c -o file.o
configure:9665: gcc -c -g -O2  -o out/conftest2.o conftest.c >&5
configure:9669: $? = 0
configure:9691: result: yes
configure:9699: checking if gcc supports -c -o file.o
configure:9747: result: yes
configure:9780: checking whether the gcc linker (/Library/Developer/CommandLineTools/usr/bin/ld) supports shared libraries
configure:11048: result: yes
configure:11289: checking dynamic linker characteristics
configure:12117: result: darwin23.5.0 dyld
configure:12239: checking how to hardcode library paths into programs
configure:12264: result: immediate
configure:12816: checking whether stripping libraries is possible
configure:12833: result: yes
configure:12867: checking if libtool supports shared libraries
configure:12869: result: yes
configure:12872: checking whether to build shared libraries
configure:12897: result: yes
configure:12900: checking whether to build static libraries
configure:12904: result: yes
configure:12989: checking for windres
configure:13024: result: no
configure:13145: checking for gawk
configure:13177: result: awk
configure:13241: checking for gcc
configure:13273: result: gcc
configure:13626: checking for C compiler version
configure:13635: gcc --version >&5
Apple clang version 15.0.0 (clang-1500.3.9.4)
Target: arm64-apple-darwin23.5.0
Thread model: posix
InstalledDir: /Library/Developer/CommandLineTools/usr/bin
configure:13646: $? = 0
configure:13635: gcc -v >&5
Apple clang version 15.0.0 (clang-1500.3.9.4)
Target: arm64-apple-darwin23.5.0
Thread model: posix
InstalledDir: /Library/Developer/CommandLineTools/usr/bin
configure:13646: $? = 0
configure:13635: gcc -V >&5
clang: error: argument to '-V' is missing (expected 1 value)
clang: error: no input files
configure:13646: $? = 1
configure:13635: gcc -qversion >&5
clang: error: unknown argument '-qversion'; did you mean '--version'?
clang: error: no input files
configure:13646: $? = 1
configure:13635: gcc -version >&5
clang: error: unknown argument '-version'; did you mean '--version'?
clang: error: no input files
configure:13646: $? = 1
configure:13650: checking whether the compiler supports GNU C
configure:13680: result: yes
configure:13691: checking whether gcc accepts -g
configure:13756: result: yes
configure:13776: checking for gcc option to enable C11 features
configure:13809: result: none needed
configure:13988: checking for g++
configure:14009: found /usr/bin/g++
configure:14020: result: g++
configure:14047: checking for C++ compiler version
configure:14056: g++ --version >&5
Apple clang version 15.0.0 (clang-1500.3.9.4)
Target: arm64-apple-darwin23.5.0
Thread model: posix
InstalledDir: /Library/Developer/CommandLineTools/usr/bin
configure:14067: $? = 0
configure:14056: g++ -v >&5
Apple clang version 15.0.0 (clang-1500.3.9.4)
Target: arm64-apple-darwin23.5.0
Thread model: posix
InstalledDir: /Library/Developer/CommandLineTools/usr/bin
configure:14067: $? = 0
configure:14056: g++ -V >&5
clang: error: argument to '-V' is missing (expected 1 value)
clang: error: no input files
configure:14067: $? = 1
configure:14056: g++ -qversion >&5
clang: error: unknown argument '-qversion'; did you mean '--version'?
clang: error: no input files
configure:14067: $? = 1
configure:14071: checking whether the compiler supports GNU C++
configure:14091: g++ -c   conftest.cpp >&5
configure:14091: $? = 0
configure:14101: result: yes
configure:14112: checking whether g++ accepts -g
configure:14133: g++ -c -g  conftest.cpp >&5
configure:14133: $? = 0
configure:14177: result: yes
configure:14197: checking for g++ option to enable C++11 features
configure:14212: g++  -c -g -O2  conftest.cpp >&5
conftest.cpp:67:3: error: "Compiler does not advertise C++11 conformance"
# error "Compiler does not advertise C++11 conformance"
  ^
conftest.cpp:72:3: error: unknown type name 'constexpr'
  constexpr int get_val() { return 20; }
  ^
conftest.cpp:84:17: error: delegating constructors are permitted only in C++11
    delegate(): delegate(2354) {}
                ^~~~~~~~
conftest.cpp:95:26: warning: 'override' keyword is a C++11 extension [-Wc++11-extensions]
    virtual int getval() override final { return this->n * 2; }
                         ^
conftest.cpp:95:35: warning: 'final' keyword is a C++11 extension [-Wc++11-extensions]
    virtual int getval() override final { return this->n * 2; }
                                  ^
conftest.cpp:102:16: warning: defaulted function definitions are a C++11 extension [-Wc++11-extensions]
    nocopy() = default;
               ^
conftest.cpp:103:29: warning: deleted function definitions are a C++11 extension [-Wc++11-extensions]
    nocopy(const nocopy&) = delete;
                            ^
conftest.cpp:104:41: warning: deleted function definitions are a C++11 extension [-Wc++11-extensions]
    nocopy & operator=(const nocopy&) = delete;
                                        ^
conftest.cpp:116:25: warning: 'auto' type specifier is a C++11 extension [-Wc++11-extensions]
  template <typename V> auto sum(V first) -> V
                        ^
conftest.cpp:116:25: error: 'auto' not allowed in function return type
  template <typename V> auto sum(V first) -> V
                        ^~~~
conftest.cpp:116:42: error: expected ';' at end of declaration
  template <typename V> auto sum(V first) -> V
                                         ^
                                         ;
conftest.cpp:116:43: error: cannot use arrow operator on a type
  template <typename V> auto sum(V first) -> V
                                          ^
conftest.cpp:120:33: warning: variadic templates are a C++11 extension [-Wc++11-extensions]
  template <typename V, typename... Args> auto sum(V first, Args... rest) -> V
                                ^
conftest.cpp:120:43: warning: 'auto' type specifier is a C++11 extension [-Wc++11-extensions]
  template <typename V, typename... Args> auto sum(V first, Args... rest) -> V
                                          ^
conftest.cpp:120:43: error: 'auto' not allowed in function return type
  template <typename V, typename... Args> auto sum(V first, Args... rest) -> V
                                          ^~~~
conftest.cpp:120:74: error: expected ';' at end of declaration
  template <typename V, typename... Args> auto sum(V first, Args... rest) -> V
                                                                         ^
                                                                         ;
conftest.cpp:120:75: error: cannot use arrow operator on a type
  template <typename V, typename... Args> auto sum(V first, Args... rest) -> V
                                                                          ^
conftest.cpp:144:3: warning: 'auto' type specifier is a C++11 extension [-Wc++11-extensions]
  auto a1 = 6538;
  ^
conftest.cpp:145:3: warning: 'auto' type specifier is a C++11 extension [-Wc++11-extensions]
  auto a2 = 48573953.4;
  ^
conftest.cpp:146:3: warning: 'auto' type specifier is a C++11 extension [-Wc++11-extensions]
  auto a3 = "String literal";
  ^
conftest.cpp:149:8: warning: 'auto' type specifier is a C++11 extension [-Wc++11-extensions]
  for (auto i = a3; *i; ++i) { total += *i; }
       ^
conftest.cpp:165:8: warning: 'auto' type specifier is a C++11 extension [-Wc++11-extensions]
  for (auto &x : array) { x += 23; }
       ^
conftest.cpp:165:16: warning: range-based for loop is a C++11 extension [-Wc++11-extensions]
  for (auto &x : array) { x += 23; }
               ^
conftest.cpp:170:17: error: expected expression
  assert (eval ([](int x) { return x*2; }, 21) == 42);
                ^
conftest.cpp:172:17: error: expected expression
  assert (eval ([&](double x) { return d += x; }, 3.0) == 5.0);
                ^
conftest.cpp:174:17: error: expected expression
  assert (eval ([=](double x) mutable { return d += x; }, 4.0) == 9.0);
                ^
conftest.cpp:180:3: warning: 'auto' type specifier is a C++11 extension [-Wc++11-extensions]
  auto a = sum(1);
  ^
conftest.cpp:180:12: error: no matching function for call to 'sum'
  auto a = sum(1);
           ^~~
conftest.cpp:181:3: warning: 'auto' type specifier is a C++11 extension [-Wc++11-extensions]
  auto b = sum(1, 2);
  ^
conftest.cpp:181:12: error: no matching function for call to 'sum'
  auto b = sum(1, 2);
           ^~~
conftest.cpp:182:3: warning: 'auto' type specifier is a C++11 extension [-Wc++11-extensions]
  auto c = sum(1.0, 2.0, 3.0);
  ^
conftest.cpp:182:12: error: no matching function for call to 'sum'
  auto c = sum(1.0, 2.0, 3.0);
           ^~~
conftest.cpp:187:25: warning: empty parentheses interpreted as a function declaration [-Wvexing-parse]
  cxx11test::delegate d2();
                        ^~
conftest.cpp:187:25: note: remove parentheses to declare a variable
  cxx11test::delegate d2();
                        ^~
conftest.cpp:200:16: error: found '<::' after a template name which forms the digraph '<:' (aka '[') and a ':', did you mean '< ::'?
  test_template<::test_template<int>> v(test_template<int>(12));
               ^~~
               < ::
conftest.cpp:200:36: error: a space is required between consecutive right angle brackets (use '> >')
  test_template<::test_template<int>> v(test_template<int>(12));
                                   ^~
                                   > >
conftest.cpp:204:22: error: use of undeclared identifier 'u8'
  char const *utf8 = u8"UTF-8 string \u2500";
                     ^
conftest.cpp:204:24: error: expected ';' at end of declaration
  char const *utf8 = u8"UTF-8 string \u2500";
                       ^
                       ;
fatal error: too many errors emitted, stopping now [-ferror-limit=]
18 warnings and 20 errors generated.
configure:14212: $? = 1
configure: failed program was:
| /* confdefs.h */
| #define PACKAGE_NAME ""
| #define PACKAGE_TARNAME ""
| #define PACKAGE_VERSION ""
| #define PACKAGE_STRING ""
| #define PACKAGE_BUGREPORT ""
| #define PACKAGE_URL ""
| #define HAVE_STDIO_H 1
| #define HAVE_STDLIB_H 1
| #define HAVE_STRING_H 1
| #define HAVE_INTTYPES_H 1
| #define HAVE_STDINT_H 1
| #define HAVE_STRINGS_H 1
| #define HAVE_SYS_STAT_H 1
| #define HAVE_SYS_TYPES_H 1
| #define HAVE_UNISTD_H 1
| #define STDC_HEADERS 1
| #define HAVE_DLFCN_H 1
| #define LT_OBJDIR ".libs/"
| /* end confdefs.h.  */
| 
| // Does the compiler advertise C++98 conformance?
| #if !defined __cplusplus || __cplusplus < 199711L
| # error "Compiler does not advertise C++98 conformance"
| #endif
| 
| // These inclusions are to reject old compilers that
| // lack the unsuffixed header files.
| #include <cstdlib>
| #include <exception>
| 
| // <cassert> and <cstring> are *not* freestanding headers in C++98.
| extern void assert (int);
| namespace std {
|   extern int strcmp (const char *, const char *);
| }
| 
| // Namespaces, exceptions, and templates were all added after "C++ 2.0".
| using std::exception;
| using std::strcmp;
| 
| namespace {
| 
| void test_exception_syntax()
| {
|   try {
|     throw "test";
|   } catch (const char *s) {
|     // Extra parentheses suppress a warning when building autoconf itself,
|     // due to lint rules shared with more typical C programs.
|     assert (!(strcmp) (s, "test"));
|   }
| }
| 
| template <typename T> struct test_template
| {
|   T const val;
|   explicit test_template(T t) : val(t) {}
|   template <typename U> T add(U u) { return static_cast<T>(u) + val; }
| };
| 
| } // anonymous namespace
| 
| 
| // Does the compiler advertise C++ 2011 conformance?
| #if !defined __cplusplus || __cplusplus < 201103L
| # error "Compiler does not advertise C++11 conformance"
| #endif
| 
| namespace cxx11test
| {
|   constexpr int get_val() { return 20; }
| 
|   struct testinit
|   {
|     int i;
|     double d;
|   };
| 
|   class delegate
|   {
|   public:
|     delegate(int n) : n(n) {}
|     delegate(): delegate(2354) {}
| 
|     virtual int getval() { return this->n; };
|   protected:
|     int n;
|   };
| 
|   class overridden : public delegate
|   {
|   public:
|     overridden(int n): delegate(n) {}
|     virtual int getval() override final { return this->n * 2; }
|   };
| 
|   class nocopy
|   {
|   public:
|     nocopy(int i): i(i) {}
|     nocopy() = default;
|     nocopy(const nocopy&) = delete;
|     nocopy & operator=(const nocopy&) = delete;
|   private:
|     int i;
|   };
| 
|   // for testing lambda expressions
|   template <typename Ret, typename Fn> Ret eval(Fn f, Ret v)
|   {
|     return f(v);
|   }
| 
|   // for testing variadic templates and trailing return types
|   template <typename V> auto sum(V first) -> V
|   {
|     return first;
|   }
|   template <typename V, typename... Args> auto sum(V first, Args... rest) -> V
|   {
|     return first + sum(rest...);
|   }
| }
| 
| 
| int
| main (int argc, char **argv)
| {
|   int ok = 0;
|   
|   assert (argc);
|   assert (! argv[0]);
| {
|   test_exception_syntax ();
|   test_template<double> tt (2.0);
|   assert (tt.add (4) == 6.0);
|   assert (true && !false);
| }
| 
|   
| {
|   // Test auto and decltype
|   auto a1 = 6538;
|   auto a2 = 48573953.4;
|   auto a3 = "String literal";
| 
|   int total = 0;
|   for (auto i = a3; *i; ++i) { total += *i; }
| 
|   decltype(a2) a4 = 34895.034;
| }
| {
|   // Test constexpr
|   short sa[cxx11test::get_val()] = { 0 };
| }
| {
|   // Test initializer lists
|   cxx11test::testinit il = { 4323, 435234.23544 };
| }
| {
|   // Test range-based for
|   int array[] = {9, 7, 13, 15, 4, 18, 12, 10, 5, 3,
|                  14, 19, 17, 8, 6, 20, 16, 2, 11, 1};
|   for (auto &x : array) { x += 23; }
| }
| {
|   // Test lambda expressions
|   using cxx11test::eval;
|   assert (eval ([](int x) { return x*2; }, 21) == 42);
|   double d = 2.0;
|   assert (eval ([&](double x) { return d += x; }, 3.0) == 5.0);
|   assert (d == 5.0);
|   assert (eval ([=](double x) mutable { return d += x; }, 4.0) == 9.0);
|   assert (d == 5.0);
| }
| {
|   // Test use of variadic templates
|   using cxx11test::sum;
|   auto a = sum(1);
|   auto b = sum(1, 2);
|   auto c = sum(1.0, 2.0, 3.0);
| }
| {
|   // Test constructor delegation
|   cxx11test::delegate d1;
|   cxx11test::delegate d2();
|   cxx11test::delegate d3(45);
| }
| {
|   // Test override and final
|   cxx11test::overridden o1(55464);
| }
| {
|   // Test nullptr
|   char *c = nullptr;
| }
| {
|   // Test template brackets
|   test_template<::test_template<int>> v(test_template<int>(12));
| }
| {
|   // Unicode literals
|   char const *utf8 = u8"UTF-8 string \u2500";
|   char16_t const *utf16 = u"UTF-8 string \u2500";
|   char32_t const *utf32 = U"UTF-32 string \u2500";
| }
| 
|   return ok;
| }
| 
configure:14230: result: none needed
configure:14312: checking how to run the C++ preprocessor
configure:14334: g++ -E  conftest.cpp
configure:14334: $? = 0
configure:14349: g++ -E  conftest.cpp
conftest.cpp:21:10: fatal error: 'ac_nonexistent.h' file not found
#include <ac_nonexistent.h>
         ^~~~~~~~~~~~~~~~~~
1 error generated.
configure:14349: $? = 1
configure: failed program was:
| /* confdefs.h */
| #define PACKAGE_NAME ""
| #define PACKAGE_TARNAME ""
| #define PACKAGE_VERSION ""
| #define PACKAGE_STRING ""
| #define PACKAGE_BUGREPORT ""
| #define PACKAGE_URL ""
| #define HAVE_STDIO_H 1
| #define HAVE_STDLIB_H 1
| #define HAVE_STRING_H 1
| #define HAVE_INTTYPES_H 1
| #define HAVE_STDINT_H 1
| #define HAVE_STRINGS_H 1
| #define HAVE_SYS_STAT_H 1
| #define HAVE_SYS_TYPES_H 1
| #define HAVE_UNISTD_H 1
| #define STDC_HEADERS 1
| #define HAVE_DLFCN_H 1
| #define LT_OBJDIR ".libs/"
| /* end confdefs.h.  */
| #include <ac_nonexistent.h>
configure:14376: result: g++ -E
configure:14390: g++ -E  conftest.cpp
configure:14390: $? = 0
configure:14405: g++ -E  conftest.cpp
conftest.cpp:21:10: fatal error: 'ac_nonexistent.h' file not found
#include <ac_nonexistent.h>
         ^~~~~~~~~~~~~~~~~~
1 error generated.
configure:14405: $? = 1
configure: failed program was:
| /* confdefs.h */
| #define PACKAGE_NAME ""
| #define PACKAGE_TARNAME ""
| #define PACKAGE_VERSION ""
| #define PACKAGE_STRING ""
| #define PACKAGE_BUGREPORT ""
| #define PACKAGE_URL ""
| #define HAVE_STDIO_H 1
| #define HAVE_STDLIB_H 1
| #define HAVE_STRING_H 1
| #define HAVE_INTTYPES_H 1
| #define HAVE_STDINT_H 1
| #define HAVE_STRINGS_H 1
| #define HAVE_SYS_STAT_H 1
| #define HAVE_SYS_TYPES_H 1
| #define HAVE_UNISTD_H 1
| #define STDC_HEADERS 1
| #define HAVE_DLFCN_H 1
| #define LT_OBJDIR ".libs/"
| /* end confdefs.h.  */
| #include <ac_nonexistent.h>
configure:14570: checking for ld used by g++
configure:14638: result: /Library/Developer/CommandLineTools/usr/bin/ld
configure:14645: checking if the linker (/Library/Developer/CommandLineTools/usr/bin/ld) is GNU ld
configure:14661: result: no
configure:14716: checking whether the g++ linker (/Library/Developer/CommandLineTools/usr/bin/ld) supports shared libraries
configure:15794: result: yes
configure:15830: g++ -c -g -O2  conftest.cpp >&5
configure:15833: $? = 0
configure:16315: checking for g++ option to produce PIC
configure:16323: result: -fno-common -DPIC
configure:16331: checking if g++ PIC flag -fno-common -DPIC works
configure:16350: g++ -c -g -O2  -fno-common -DPIC -DPIC conftest.cpp >&5
configure:16354: $? = 0
configure:16367: result: yes
configure:16390: checking if g++ static flag -static works
configure:16419: result: no
configure:16431: checking if g++ supports -c -o file.o
configure:16453: g++ -c -g -O2  -o out/conftest2.o conftest.cpp >&5
configure:16457: $? = 0
configure:16479: result: yes
configure:16484: checking if g++ supports -c -o file.o
configure:16532: result: yes
configure:16562: checking whether the g++ linker (/Library/Developer/CommandLineTools/usr/bin/ld) supports shared libraries
configure:16602: result: yes
configure:16744: checking dynamic linker characteristics
configure:17499: result: darwin23.5.0 dyld
configure:17564: checking how to hardcode library paths into programs
configure:17589: result: immediate
configure:17629: checking for egrep
configure:17697: result: /usr/bin/grep -E
configure:17702: checking for fgrep
configure:17770: result: /usr/bin/grep -F
configure:17790: checking for a BSD-compatible install
configure:17863: result: /opt/homebrew/bin/ginstall -c
configure:17874: checking whether make sets $(MAKE)
configure:17897: result: yes
configure:17965: checking for pkg-config
configure:17988: found /opt/homebrew/bin/pkg-config
configure:18000: result: /opt/homebrew/bin/pkg-config
configure:18025: checking pkg-config is at least version 0.9.0
configure:18028: result: yes
configure:18045: checking for gsort
configure:18066: found /opt/homebrew/bin/gsort
configure:18077: result: gsort
configure:18103: checking for special C compiler options needed for large files
configure:18151: result: no
configure:18157: checking for _FILE_OFFSET_BITS value needed for large files
configure:18183: gcc -c -g -O2  conftest.c >&5
configure:18183: $? = 0
configure:18217: result: no
configure:18432: checking for an ANSI C-conforming const
configure:18499: gcc -c -g -O2 -I/Users/eyalrothschild/Google Drive/My Drive/University/Projects/Chip8/SDL2-2.30.3/include -idirafter /Users/eyalrothschild/Google Drive/My Drive/University/Projects/Chip8/SDL2-2.30.3/src/video/khronos   -I/Users/eyalrothschild/Google Drive/My Drive/University/Projects/Chip8/SDL2-2.30.3/include -idirafter /Users/eyalrothschild/Google Drive/My Drive/University/Projects/Chip8/SDL2-2.30.3/src/video/khronos  conftest.c >&5
clang: error: no such file or directory: 'Drive/My'
clang: error: no such file or directory: 'Drive/University/Projects/Chip8/SDL2-2.30.3/include'
clang: error: no such file or directory: 'Drive/My'
clang: error: no such file or directory: 'Drive/University/Projects/Chip8/SDL2-2.30.3/src/video/khronos'
clang: error: no such file or directory: 'Drive/My'
clang: error: no such file or directory: 'Drive/University/Projects/Chip8/SDL2-2.30.3/include'
clang: error: no such file or directory: 'Drive/My'
clang: error: no such file or directory: 'Drive/University/Projects/Chip8/SDL2-2.30.3/src/video/khronos'
configure:18499: $? = 1
configure: failed program was:
| /* confdefs.h */
| #define PACKAGE_NAME ""
| #define PACKAGE_TARNAME ""
| #define PACKAGE_VERSION ""
| #define PACKAGE_STRING ""
| #define PACKAGE_BUGREPORT ""
| #define PACKAGE_URL ""
| #define HAVE_STDIO_H 1
| #define HAVE_STDLIB_H 1
| #define HAVE_STRING_H 1
| #define HAVE_INTTYPES_H 1
| #define HAVE_STDINT_H 1
| #define HAVE_STRINGS_H 1
| #define HAVE_SYS_STAT_H 1
| #define HAVE_SYS_TYPES_H 1
| #define HAVE_UNISTD_H 1
| #define STDC_HEADERS 1
| #define HAVE_DLFCN_H 1
| #define LT_OBJDIR ".libs/"
| /* end confdefs.h.  */
| 
| int
| main (void)
| {
| 
| #ifndef __cplusplus
|   /* Ultrix mips cc rejects this sort of thing.  */
|   typedef int charset[2];
|   const charset cs = { 0, 0 };
|   /* SunOS 4.1.1 cc rejects this.  */
|   char const *const *pcpcc;
|   char **ppc;
|   /* NEC SVR4.0.2 mips cc rejects this.  */
|   struct point {int x, y;};
|   static struct point const zero = {0,0};
|   /* IBM XL C 1.02.0.0 rejects this.
|      It does not let you subtract one const X* pointer from another in
|      an arm of an if-expression whose if-part is not a constant
|      expression */
|   const char *g = "string";
|   pcpcc = &g + (g ? g-g : 0);
|   /* HPUX 7.0 cc rejects these. */
|   ++pcpcc;
|   ppc = (char**) pcpcc;
|   pcpcc = (char const *const *) ppc;
|   { /* SCO 3.2v4 cc rejects this sort of thing.  */
|     char tx;
|     char *t = &tx;
|     char const *s = 0 ? (char *) 0 : (char const *) 0;
| 
|     *t++ = 0;
|     if (s) return 0;
|   }
|   { /* Someone thinks the Sun supposedly-ANSI compiler will reject this.  */
|     int x[] = {25, 17};
|     const int *foo = &x[0];
|     ++foo;
|   }
|   { /* Sun SC1.0 ANSI compiler rejects this -- but not the above. */
|     typedef const int *iptr;
|     iptr p = 0;
|     ++p;
|   }
|   { /* IBM XL C 1.02.0.0 rejects this sort of thing, saying
|        "k.c", line 2.27: 1506-025 (S) Operand must be a modifiable lvalue. */
|     struct s { int j; const int *ap[3]; } bx;
|     struct s *b = &bx; b->j = 5;
|   }
|   { /* ULTRIX-32 V3.1 (Rev 9) vcc rejects this */
|     const int foo = 10;
|     if (!foo) return 0;
|   }
|   return !cs[0] && !zero.x;
| #endif
| 
|   ;
|   return 0;
| }
configure:18507: result: no
configure:18515: checking for inline
configure:18532: gcc -c -g -O2 -I/Users/eyalrothschild/Google Drive/My Drive/University/Projects/Chip8/SDL2-2.30.3/include -idirafter /Users/eyalrothschild/Google Drive/My Drive/University/Projects/Chip8/SDL2-2.30.3/src/video/khronos   -I/Users/eyalrothschild/Google Drive/My Drive/University/Projects/Chip8/SDL2-2.30.3/include -idirafter /Users/eyalrothschild/Google Drive/My Drive/University/Projects/Chip8/SDL2-2.30.3/src/video/khronos  conftest.c >&5
clang: error: no such file or directory: 'Drive/My'
clang: error: no such file or directory: 'Drive/University/Projects/Chip8/SDL2-2.30.3/include'
clang: error: no such file or directory: 'Drive/My'
clang: error: no such file or directory: 'Drive/University/Projects/Chip8/SDL2-2.30.3/src/video/khronos'
clang: error: no such file or directory: 'Drive/My'
clang: error: no such file or directory: 'Drive/University/Projects/Chip8/SDL2-2.30.3/include'
clang: error: no such file or directory: 'Drive/My'
clang: error: no such file or directory: 'Drive/University/Projects/Chip8/SDL2-2.30.3/src/video/khronos'
configure:18532: $? = 1
configure: failed program was:
| /* confdefs.h */
| #define PACKAGE_NAME ""
| #define PACKAGE_TARNAME ""
| #define PACKAGE_VERSION ""
| #define PACKAGE_STRING ""
| #define PACKAGE_BUGREPORT ""
| #define PACKAGE_URL ""
| #define HAVE_STDIO_H 1
| #define HAVE_STDLIB_H 1
| #define HAVE_STRING_H 1
| #define HAVE_INTTYPES_H 1
| #define HAVE_STDINT_H 1
| #define HAVE_STRINGS_H 1
| #define HAVE_SYS_STAT_H 1
| #define HAVE_SYS_TYPES_H 1
| #define HAVE_UNISTD_H 1
| #define STDC_HEADERS 1
| #define HAVE_DLFCN_H 1
| #define LT_OBJDIR ".libs/"
| #define const /**/
| /* end confdefs.h.  */
| #ifndef __cplusplus
| typedef int foo_t;
| static inline foo_t static_foo (void) {return 0; }
| inline foo_t foo (void) {return 0; }
| #endif
| 
configure:18532: gcc -c -g -O2 -I/Users/eyalrothschild/Google Drive/My Drive/University/Projects/Chip8/SDL2-2.30.3/include -idirafter /Users/eyalrothschild/Google Drive/My Drive/University/Projects/Chip8/SDL2-2.30.3/src/video/khronos   -I/Users/eyalrothschild/Google Drive/My Drive/University/Projects/Chip8/SDL2-2.30.3/include -idirafter /Users/eyalrothschild/Google Drive/My Drive/University/Projects/Chip8/SDL2-2.30.3/src/video/khronos  conftest.c >&5
clang: error: no such file or directory: 'Drive/My'
clang: error: no such file or directory: 'Drive/University/Projects/Chip8/SDL2-2.30.3/include'
clang: error: no such file or directory: 'Drive/My'
clang: error: no such file or directory: 'Drive/University/Projects/Chip8/SDL2-2.30.3/src/video/khronos'
clang: error: no such file or directory: 'Drive/My'
clang: error: no such file or directory: 'Drive/University/Projects/Chip8/SDL2-2.30.3/include'
clang: error: no such file or directory: 'Drive/My'
clang: error: no such file or directory: 'Drive/University/Projects/Chip8/SDL2-2.30.3/src/video/khronos'
configure:18532: $? = 1
configure: failed program was:
| /* confdefs.h */
| #define PACKAGE_NAME ""
| #define PACKAGE_TARNAME ""
| #define PACKAGE_VERSION ""
| #define PACKAGE_STRING ""
| #define PACKAGE_BUGREPORT ""
| #define PACKAGE_URL ""
| #define HAVE_STDIO_H 1
| #define HAVE_STDLIB_H 1
| #define HAVE_STRING_H 1
| #define HAVE_INTTYPES_H 1
| #define HAVE_STDINT_H 1
| #define HAVE_STRINGS_H 1
| #define HAVE_SYS_STAT_H 1
| #define HAVE_SYS_TYPES_H 1
| #define HAVE_UNISTD_H 1
| #define STDC_HEADERS 1
| #define HAVE_DLFCN_H 1
| #define LT_OBJDIR ".libs/"
| #define const /**/
| /* end confdefs.h.  */
| #ifndef __cplusplus
| typedef int foo_t;
| static __inline__ foo_t static_foo (void) {return 0; }
| __inline__ foo_t foo (void) {return 0; }
| #endif
| 
configure:18532: gcc -c -g -O2 -I/Users/eyalrothschild/Google Drive/My Drive/University/Projects/Chip8/SDL2-2.30.3/include -idirafter /Users/eyalrothschild/Google Drive/My Drive/University/Projects/Chip8/SDL2-2.30.3/src/video/khronos   -I/Users/eyalrothschild/Google Drive/My Drive/University/Projects/Chip8/SDL2-2.30.3/include -idirafter /Users/eyalrothschild/Google Drive/My Drive/University/Projects/Chip8/SDL2-2.30.3/src/video/khronos  conftest.c >&5
clang: error: no such file or directory: 'Drive/My'
clang: error: no such file or directory: 'Drive/University/Projects/Chip8/SDL2-2.30.3/include'
clang: error: no such file or directory: 'Drive/My'
clang: error: no such file or directory: 'Drive/University/Projects/Chip8/SDL2-2.30.3/src/video/khronos'
clang: error: no such file or directory: 'Drive/My'
clang: error: no such file or directory: 'Drive/University/Projects/Chip8/SDL2-2.30.3/include'
clang: error: no such file or directory: 'Drive/My'
clang: error: no such file or directory: 'Drive/University/Projects/Chip8/SDL2-2.30.3/src/video/khronos'
configure:18532: $? = 1
configure: failed program was:
| /* confdefs.h */
| #define PACKAGE_NAME ""
| #define PACKAGE_TARNAME ""
| #define PACKAGE_VERSION ""
| #define PACKAGE_STRING ""
| #define PACKAGE_BUGREPORT ""
| #define PACKAGE_URL ""
| #define HAVE_STDIO_H 1
| #define HAVE_STDLIB_H 1
| #define HAVE_STRING_H 1
| #define HAVE_INTTYPES_H 1
| #define HAVE_STDINT_H 1
| #define HAVE_STRINGS_H 1
| #define HAVE_SYS_STAT_H 1
| #define HAVE_SYS_TYPES_H 1
| #define HAVE_UNISTD_H 1
| #define STDC_HEADERS 1
| #define HAVE_DLFCN_H 1
| #define LT_OBJDIR ".libs/"
| #define const /**/
| /* end confdefs.h.  */
| #ifndef __cplusplus
| typedef int foo_t;
| static __inline foo_t static_foo (void) {return 0; }
| __inline foo_t foo (void) {return 0; }
| #endif
| 
configure:18541: result: no
configure:18559: checking for working volatile
configure:18579: gcc -c -g -O2 -I/Users/eyalrothschild/Google Drive/My Drive/University/Projects/Chip8/SDL2-2.30.3/include -idirafter /Users/eyalrothschild/Google Drive/My Drive/University/Projects/Chip8/SDL2-2.30.3/src/video/khronos   -I/Users/eyalrothschild/Google Drive/My Drive/University/Projects/Chip8/SDL2-2.30.3/include -idirafter /Users/eyalrothschild/Google Drive/My Drive/University/Projects/Chip8/SDL2-2.30.3/src/video/khronos  conftest.c >&5
clang: error: no such file or directory: 'Drive/My'
clang: error: no such file or directory: 'Drive/University/Projects/Chip8/SDL2-2.30.3/include'
clang: error: no such file or directory: 'Drive/My'
clang: error: no such file or directory: 'Drive/University/Projects/Chip8/SDL2-2.30.3/src/video/khronos'
clang: error: no such file or directory: 'Drive/My'
clang: error: no such file or directory: 'Drive/University/Projects/Chip8/SDL2-2.30.3/include'
clang: error: no such file or directory: 'Drive/My'
clang: error: no such file or directory: 'Drive/University/Projects/Chip8/SDL2-2.30.3/src/video/khronos'
configure:18579: $? = 1
configure: failed program was:
| /* confdefs.h */
| #define PACKAGE_NAME ""
| #define PACKAGE_TARNAME ""
| #define PACKAGE_VERSION ""
| #define PACKAGE_STRING ""
| #define PACKAGE_BUGREPORT ""
| #define PACKAGE_URL ""
| #define HAVE_STDIO_H 1
| #define HAVE_STDLIB_H 1
| #define HAVE_STRING_H 1
| #define HAVE_INTTYPES_H 1
| #define HAVE_STDINT_H 1
| #define HAVE_STRINGS_H 1
| #define HAVE_SYS_STAT_H 1
| #define HAVE_SYS_TYPES_H 1
| #define HAVE_UNISTD_H 1
| #define STDC_HEADERS 1
| #define HAVE_DLFCN_H 1
| #define LT_OBJDIR ".libs/"
| #define const /**/
| #ifndef __cplusplus
| #define inline 
| #endif
| /* end confdefs.h.  */
| 
| int
| main (void)
| {
| 
| volatile int x;
| int * volatile y = (int *) 0;
| return !x && !y;
|   ;
|   return 0;
| }
configure:18587: result: no
configure:18644: checking for GCC -MMD -MT option
configure:18661: gcc -c -g -O2 -I/Users/eyalrothschild/Google Drive/My Drive/University/Projects/Chip8/SDL2-2.30.3/include -idirafter /Users/eyalrothschild/Google Drive/My Drive/University/Projects/Chip8/SDL2-2.30.3/src/video/khronos   -I/Users/eyalrothschild/Google Drive/My Drive/University/Projects/Chip8/SDL2-2.30.3/include -idirafter /Users/eyalrothschild/Google Drive/My Drive/University/Projects/Chip8/SDL2-2.30.3/src/video/khronos  conftest.c >&5
clang: error: no such file or directory: 'Drive/My'
clang: error: no such file or directory: 'Drive/University/Projects/Chip8/SDL2-2.30.3/include'
clang: error: no such file or directory: 'Drive/My'
clang: error: no such file or directory: 'Drive/University/Projects/Chip8/SDL2-2.30.3/src/video/khronos'
clang: error: no such file or directory: 'Drive/My'
clang: error: no such file or directory: 'Drive/University/Projects/Chip8/SDL2-2.30.3/include'
clang: error: no such file or directory: 'Drive/My'
clang: error: no such file or directory: 'Drive/University/Projects/Chip8/SDL2-2.30.3/src/video/khronos'
configure:18661: $? = 1
configure: failed program was:
| /* confdefs.h */
| #define PACKAGE_NAME ""
| #define PACKAGE_TARNAME ""
| #define PACKAGE_VERSION ""
| #define PACKAGE_STRING ""
| #define PACKAGE_BUGREPORT ""
| #define PACKAGE_URL ""
| #define HAVE_STDIO_H 1
| #define HAVE_STDLIB_H 1
| #define HAVE_STRING_H 1
| #define HAVE_INTTYPES_H 1
| #define HAVE_STDINT_H 1
| #define HAVE_STRINGS_H 1
| #define HAVE_SYS_STAT_H 1
| #define HAVE_SYS_TYPES_H 1
| #define HAVE_UNISTD_H 1
| #define STDC_HEADERS 1
| #define HAVE_DLFCN_H 1
| #define LT_OBJDIR ".libs/"
| #define const /**/
| #ifndef __cplusplus
| #define inline 
| #endif
| #define volatile /**/
| /* end confdefs.h.  */
| 
|     #if !defined(__GNUC__) || __GNUC__ < 3
|     #error Dependency tracking requires GCC 3.0 or newer
|     #endif
| 
| int
| main (void)
| {
| 
|   ;
|   return 0;
| }
configure:18666: result: no
configure:18674: checking for linker option --no-undefined
configure:18694: gcc -o conftest -g -O2 -I/Users/eyalrothschild/Google Drive/My Drive/University/Projects/Chip8/SDL2-2.30.3/include -idirafter /Users/eyalrothschild/Google Drive/My Drive/University/Projects/Chip8/SDL2-2.30.3/src/video/khronos   -I/Users/eyalrothschild/Google Drive/My Drive/University/Projects/Chip8/SDL2-2.30.3/include -idirafter /Users/eyalrothschild/Google Drive/My Drive/University/Projects/Chip8/SDL2-2.30.3/src/video/khronos   -Wl,--no-undefined conftest.c  >&5
clang: error: no such file or directory: 'Drive/My'
clang: error: no such file or directory: 'Drive/University/Projects/Chip8/SDL2-2.30.3/include'
clang: error: no such file or directory: 'Drive/My'
clang: error: no such file or directory: 'Drive/University/Projects/Chip8/SDL2-2.30.3/src/video/khronos'
clang: error: no such file or directory: 'Drive/My'
clang: error: no such file or directory: 'Drive/University/Projects/Chip8/SDL2-2.30.3/include'
clang: error: no such file or directory: 'Drive/My'
clang: error: no such file or directory: 'Drive/University/Projects/Chip8/SDL2-2.30.3/src/video/khronos'
configure:18694: $? = 1
configure: failed program was:
| /* confdefs.h */
| #define PACKAGE_NAME ""
| #define PACKAGE_TARNAME ""
| #define PACKAGE_VERSION ""
| #define PACKAGE_STRING ""
| #define PACKAGE_BUGREPORT ""
| #define PACKAGE_URL ""
| #define HAVE_STDIO_H 1
| #define HAVE_STDLIB_H 1
| #define HAVE_STRING_H 1
| #define HAVE_INTTYPES_H 1
| #define HAVE_STDINT_H 1
| #define HAVE_STRINGS_H 1
| #define HAVE_SYS_STAT_H 1
| #define HAVE_SYS_TYPES_H 1
| #define HAVE_UNISTD_H 1
| #define STDC_HEADERS 1
| #define HAVE_DLFCN_H 1
| #define LT_OBJDIR ".libs/"
| #define const /**/
| #ifndef __cplusplus
| #define inline 
| #endif
| #define volatile /**/
| /* end confdefs.h.  */
| 
| int
| main (void)
| {
| 
|   ;
|   return 0;
| }
configure:18706: result: no
configure:18709: checking for linker option --dynamicbase
configure:18727: gcc -o conftest -g -O2 -I/Users/eyalrothschild/Google Drive/My Drive/University/Projects/Chip8/SDL2-2.30.3/include -idirafter /Users/eyalrothschild/Google Drive/My Drive/University/Projects/Chip8/SDL2-2.30.3/src/video/khronos   -I/Users/eyalrothschild/Google Drive/My Drive/University/Projects/Chip8/SDL2-2.30.3/include -idirafter /Users/eyalrothschild/Google Drive/My Drive/University/Projects/Chip8/SDL2-2.30.3/src/video/khronos   -Wl,--dynamicbase conftest.c  >&5
clang: error: no such file or directory: 'Drive/My'
clang: error: no such file or directory: 'Drive/University/Projects/Chip8/SDL2-2.30.3/include'
clang: error: no such file or directory: 'Drive/My'
clang: error: no such file or directory: 'Drive/University/Projects/Chip8/SDL2-2.30.3/src/video/khronos'
clang: error: no such file or directory: 'Drive/My'
clang: error: no such file or directory: 'Drive/University/Projects/Chip8/SDL2-2.30.3/include'
clang: error: no such file or directory: 'Drive/My'
clang: error: no such file or directory: 'Drive/University/Projects/Chip8/SDL2-2.30.3/src/video/khronos'
configure:18727: $? = 1
configure: failed program was:
| /* confdefs.h */
| #define PACKAGE_NAME ""
| #define PACKAGE_TARNAME ""
| #define PACKAGE_VERSION ""
| #define PACKAGE_STRING ""
| #define PACKAGE_BUGREPORT ""
| #define PACKAGE_URL ""
| #define HAVE_STDIO_H 1
| #define HAVE_STDLIB_H 1
| #define HAVE_STRING_H 1
| #define HAVE_INTTYPES_H 1
| #define HAVE_STDINT_H 1
| #define HAVE_STRINGS_H 1
| #define HAVE_SYS_STAT_H 1
| #define HAVE_SYS_TYPES_H 1
| #define HAVE_UNISTD_H 1
| #define STDC_HEADERS 1
| #define HAVE_DLFCN_H 1
| #define LT_OBJDIR ".libs/"
| #define const /**/
| #ifndef __cplusplus
| #define inline 
| #endif
| #define volatile /**/
| /* end confdefs.h.  */
| 
| int
| main (void)
| {
| 
|   ;
|   return 0;
| }
configure:18739: result: no
configure:18742: checking for linker option --nxcompat
configure:18760: gcc -o conftest -g -O2 -I/Users/eyalrothschild/Google Drive/My Drive/University/Projects/Chip8/SDL2-2.30.3/include -idirafter /Users/eyalrothschild/Google Drive/My Drive/University/Projects/Chip8/SDL2-2.30.3/src/video/khronos   -I/Users/eyalrothschild/Google Drive/My Drive/University/Projects/Chip8/SDL2-2.30.3/include -idirafter /Users/eyalrothschild/Google Drive/My Drive/University/Projects/Chip8/SDL2-2.30.3/src/video/khronos   -Wl,--nxcompat conftest.c  >&5
clang: error: no such file or directory: 'Drive/My'
clang: error: no such file or directory: 'Drive/University/Projects/Chip8/SDL2-2.30.3/include'
clang: error: no such file or directory: 'Drive/My'
clang: error: no such file or directory: 'Drive/University/Projects/Chip8/SDL2-2.30.3/src/video/khronos'
clang: error: no such file or directory: 'Drive/My'
clang: error: no such file or directory: 'Drive/University/Projects/Chip8/SDL2-2.30.3/include'
clang: error: no such file or directory: 'Drive/My'
clang: error: no such file or directory: 'Drive/University/Projects/Chip8/SDL2-2.30.3/src/video/khronos'
configure:18760: $? = 1
configure: failed program was:
| /* confdefs.h */
| #define PACKAGE_NAME ""
| #define PACKAGE_TARNAME ""
| #define PACKAGE_VERSION ""
| #define PACKAGE_STRING ""
| #define PACKAGE_BUGREPORT ""
| #define PACKAGE_URL ""
| #define HAVE_STDIO_H 1
| #define HAVE_STDLIB_H 1
| #define HAVE_STRING_H 1
| #define HAVE_INTTYPES_H 1
| #define HAVE_STDINT_H 1
| #define HAVE_STRINGS_H 1
| #define HAVE_SYS_STAT_H 1
| #define HAVE_SYS_TYPES_H 1
| #define HAVE_UNISTD_H 1
| #define STDC_HEADERS 1
| #define HAVE_DLFCN_H 1
| #define LT_OBJDIR ".libs/"
| #define const /**/
| #ifndef __cplusplus
| #define inline 
| #endif
| #define volatile /**/
| /* end confdefs.h.  */
| 
| int
| main (void)
| {
| 
|   ;
|   return 0;
| }
configure:18772: result: no
configure:18775: checking for linker option --high-entropy-va
configure:18793: gcc -o conftest -g -O2 -I/Users/eyalrothschild/Google Drive/My Drive/University/Projects/Chip8/SDL2-2.30.3/include -idirafter /Users/eyalrothschild/Google Drive/My Drive/University/Projects/Chip8/SDL2-2.30.3/src/video/khronos   -I/Users/eyalrothschild/Google Drive/My Drive/University/Projects/Chip8/SDL2-2.30.3/include -idirafter /Users/eyalrothschild/Google Drive/My Drive/University/Projects/Chip8/SDL2-2.30.3/src/video/khronos   -Wl,--high-entropy-va conftest.c  >&5
clang: error: no such file or directory: 'Drive/My'
clang: error: no such file or directory: 'Drive/University/Projects/Chip8/SDL2-2.30.3/include'
clang: error: no such file or directory: 'Drive/My'
clang: error: no such file or directory: 'Drive/University/Projects/Chip8/SDL2-2.30.3/src/video/khronos'
clang: error: no such file or directory: 'Drive/My'
clang: error: no such file or directory: 'Drive/University/Projects/Chip8/SDL2-2.30.3/include'
clang: error: no such file or directory: 'Drive/My'
clang: error: no such file or directory: 'Drive/University/Projects/Chip8/SDL2-2.30.3/src/video/khronos'
configure:18793: $? = 1
configure: failed program was:
| /* confdefs.h */
| #define PACKAGE_NAME ""
| #define PACKAGE_TARNAME ""
| #define PACKAGE_VERSION ""
| #define PACKAGE_STRING ""
| #define PACKAGE_BUGREPORT ""
| #define PACKAGE_URL ""
| #define HAVE_STDIO_H 1
| #define HAVE_STDLIB_H 1
| #define HAVE_STRING_H 1
| #define HAVE_INTTYPES_H 1
| #define HAVE_STDINT_H 1
| #define HAVE_STRINGS_H 1
| #define HAVE_SYS_STAT_H 1
| #define HAVE_SYS_TYPES_H 1
| #define HAVE_UNISTD_H 1
| #define STDC_HEADERS 1
| #define HAVE_DLFCN_H 1
| #define LT_OBJDIR ".libs/"
| #define const /**/
| #ifndef __cplusplus
| #define inline 
| #endif
| #define volatile /**/
| /* end confdefs.h.  */
| 
| int
| main (void)
| {
| 
|   ;
|   return 0;
| }
configure:18805: result: no
configure:18846: checking for sys/types.h
configure:18846: result: yes
configure:18852: checking for stdio.h
configure:18852: result: yes
configure:18858: checking for stdlib.h
configure:18858: result: yes
configure:18864: checking for stddef.h
configure:18864: gcc -c -g -O2 -I/Users/eyalrothschild/Google Drive/My Drive/University/Projects/Chip8/SDL2-2.30.3/include -idirafter /Users/eyalrothschild/Google Drive/My Drive/University/Projects/Chip8/SDL2-2.30.3/src/video/khronos   -I/Users/eyalrothschild/Google Drive/My Drive/University/Projects/Chip8/SDL2-2.30.3/include -idirafter /Users/eyalrothschild/Google Drive/My Drive/University/Projects/Chip8/SDL2-2.30.3/src/video/khronos  conftest.c >&5
clang: error: no such file or directory: 'Drive/My'
clang: error: no such file or directory: 'Drive/University/Projects/Chip8/SDL2-2.30.3/include'
clang: error: no such file or directory: 'Drive/My'
clang: error: no such file or directory: 'Drive/University/Projects/Chip8/SDL2-2.30.3/src/video/khronos'
clang: error: no such file or directory: 'Drive/My'
clang: error: no such file or directory: 'Drive/University/Projects/Chip8/SDL2-2.30.3/include'
clang: error: no such file or directory: 'Drive/My'
clang: error: no such file or directory: 'Drive/University/Projects/Chip8/SDL2-2.30.3/src/video/khronos'
configure:18864: $? = 1
configure: failed program was:
| /* confdefs.h */
| #define PACKAGE_NAME ""
| #define PACKAGE_TARNAME ""
| #define PACKAGE_VERSION ""
| #define PACKAGE_STRING ""
| #define PACKAGE_BUGREPORT ""
| #define PACKAGE_URL ""
| #define HAVE_STDIO_H 1
| #define HAVE_STDLIB_H 1
| #define HAVE_STRING_H 1
| #define HAVE_INTTYPES_H 1
| #define HAVE_STDINT_H 1
| #define HAVE_STRINGS_H 1
| #define HAVE_SYS_STAT_H 1
| #define HAVE_SYS_TYPES_H 1
| #define HAVE_UNISTD_H 1
| #define STDC_HEADERS 1
| #define HAVE_DLFCN_H 1
| #define LT_OBJDIR ".libs/"
| #define const /**/
| #ifndef __cplusplus
| #define inline 
| #endif
| #define volatile /**/
| #define HAVE_LIBC 1
| #define HAVE_SYS_TYPES_H 1
| #define HAVE_STDIO_H 1
| #define HAVE_STDLIB_H 1
| /* end confdefs.h.  */
| #include <stddef.h>
| #ifdef HAVE_STDIO_H
| # include <stdio.h>
| #endif
| #ifdef HAVE_STDLIB_H
| # include <stdlib.h>
| #endif
| #ifdef HAVE_STRING_H
| # include <string.h>
| #endif
| #ifdef HAVE_INTTYPES_H
| # include <inttypes.h>
| #endif
| #ifdef HAVE_STDINT_H
| # include <stdint.h>
| #endif
| #ifdef HAVE_STRINGS_H
| # include <strings.h>
| #endif
| #ifdef HAVE_SYS_TYPES_H
| # include <sys/types.h>
| #endif
| #ifdef HAVE_SYS_STAT_H
| # include <sys/stat.h>
| #endif
| #ifdef HAVE_UNISTD_H
| # include <unistd.h>
| #endif
| #include <stddef.h>
configure:18864: result: no
configure:18870: checking for stdarg.h
configure:18870: gcc -c -g -O2 -I/Users/eyalrothschild/Google Drive/My Drive/University/Projects/Chip8/SDL2-2.30.3/include -idirafter /Users/eyalrothschild/Google Drive/My Drive/University/Projects/Chip8/SDL2-2.30.3/src/video/khronos   -I/Users/eyalrothschild/Google Drive/My Drive/University/Projects/Chip8/SDL2-2.30.3/include -idirafter /Users/eyalrothschild/Google Drive/My Drive/University/Projects/Chip8/SDL2-2.30.3/src/video/khronos  conftest.c >&5
clang: error: no such file or directory: 'Drive/My'
clang: error: no such file or directory: 'Drive/University/Projects/Chip8/SDL2-2.30.3/include'
clang: error: no such file or directory: 'Drive/My'
clang: error: no such file or directory: 'Drive/University/Projects/Chip8/SDL2-2.30.3/src/video/khronos'
clang: error: no such file or directory: 'Drive/My'
clang: error: no such file or directory: 'Drive/University/Projects/Chip8/SDL2-2.30.3/include'
clang: error: no such file or directory: 'Drive/My'
clang: error: no such file or directory: 'Drive/University/Projects/Chip8/SDL2-2.30.3/src/video/khronos'
configure:18870: $? = 1
configure: failed program was:
| /* confdefs.h */
| #define PACKAGE_NAME ""
| #define PACKAGE_TARNAME ""
| #define PACKAGE_VERSION ""
| #define PACKAGE_STRING ""
| #define PACKAGE_BUGREPORT ""
| #define PACKAGE_URL ""
| #define HAVE_STDIO_H 1
| #define HAVE_STDLIB_H 1
| #define HAVE_STRING_H 1
| #define HAVE_INTTYPES_H 1
| #define HAVE_STDINT_H 1
| #define HAVE_STRINGS_H 1
| #define HAVE_SYS_STAT_H 1
| #define HAVE_SYS_TYPES_H 1
| #define HAVE_UNISTD_H 1
| #define STDC_HEADERS 1
| #define HAVE_DLFCN_H 1
| #define LT_OBJDIR ".libs/"
| #define const /**/
| #ifndef __cplusplus
| #define inline 
| #endif
| #define volatile /**/
| #define HAVE_LIBC 1
| #define HAVE_SYS_TYPES_H 1
| #define HAVE_STDIO_H 1
| #define HAVE_STDLIB_H 1
| /* end confdefs.h.  */
| #include <stddef.h>
| #ifdef HAVE_STDIO_H
| # include <stdio.h>
| #endif
| #ifdef HAVE_STDLIB_H
| # include <stdlib.h>
| #endif
| #ifdef HAVE_STRING_H
| # include <string.h>
| #endif
| #ifdef HAVE_INTTYPES_H
| # include <inttypes.h>
| #endif
| #ifdef HAVE_STDINT_H
| # include <stdint.h>
| #endif
| #ifdef HAVE_STRINGS_H
| # include <strings.h>
| #endif
| #ifdef HAVE_SYS_TYPES_H
| # include <sys/types.h>
| #endif
| #ifdef HAVE_SYS_STAT_H
| # include <sys/stat.h>
| #endif
| #ifdef HAVE_UNISTD_H
| # include <unistd.h>
| #endif
| #include <stdarg.h>
configure:18870: result: no
configure:18876: checking for malloc.h
configure:18876: gcc -c -g -O2 -I/Users/eyalrothschild/Google Drive/My Drive/University/Projects/Chip8/SDL2-2.30.3/include -idirafter /Users/eyalrothschild/Google Drive/My Drive/University/Projects/Chip8/SDL2-2.30.3/src/video/khronos   -I/Users/eyalrothschild/Google Drive/My Drive/University/Projects/Chip8/SDL2-2.30.3/include -idirafter /Users/eyalrothschild/Google Drive/My Drive/University/Projects/Chip8/SDL2-2.30.3/src/video/khronos  conftest.c >&5
clang: error: no such file or directory: 'Drive/My'
clang: error: no such file or directory: 'Drive/University/Projects/Chip8/SDL2-2.30.3/include'
clang: error: no such file or directory: 'Drive/My'
clang: error: no such file or directory: 'Drive/University/Projects/Chip8/SDL2-2.30.3/src/video/khronos'
clang: error: no such file or directory: 'Drive/My'
clang: error: no such file or directory: 'Drive/University/Projects/Chip8/SDL2-2.30.3/include'
clang: error: no such file or directory: 'Drive/My'
clang: error: no such file or directory: 'Drive/University/Projects/Chip8/SDL2-2.30.3/src/video/khronos'
configure:18876: $? = 1
configure: failed program was:
| /* confdefs.h */
| #define PACKAGE_NAME ""
| #define PACKAGE_TARNAME ""
| #define PACKAGE_VERSION ""
| #define PACKAGE_STRING ""
| #define PACKAGE_BUGREPORT ""
| #define PACKAGE_URL ""
| #define HAVE_STDIO_H 1
| #define HAVE_STDLIB_H 1
| #define HAVE_STRING_H 1
| #define HAVE_INTTYPES_H 1
| #define HAVE_STDINT_H 1
| #define HAVE_STRINGS_H 1
| #define HAVE_SYS_STAT_H 1
| #define HAVE_SYS_TYPES_H 1
| #define HAVE_UNISTD_H 1
| #define STDC_HEADERS 1
| #define HAVE_DLFCN_H 1
| #define LT_OBJDIR ".libs/"
| #define const /**/
| #ifndef __cplusplus
| #define inline 
| #endif
| #define volatile /**/
| #define HAVE_LIBC 1
| #define HAVE_SYS_TYPES_H 1
| #define HAVE_STDIO_H 1
| #define HAVE_STDLIB_H 1
| /* end confdefs.h.  */
| #include <stddef.h>
| #ifdef HAVE_STDIO_H
| # include <stdio.h>
| #endif
| #ifdef HAVE_STDLIB_H
| # include <stdlib.h>
| #endif
| #ifdef HAVE_STRING_H
| # include <string.h>
| #endif
| #ifdef HAVE_INTTYPES_H
| # include <inttypes.h>
| #endif
| #ifdef HAVE_STDINT_H
| # include <stdint.h>
| #endif
| #ifdef HAVE_STRINGS_H
| # include <strings.h>
| #endif
| #ifdef HAVE_SYS_TYPES_H
| # include <sys/types.h>
| #endif
| #ifdef HAVE_SYS_STAT_H
| # include <sys/stat.h>
| #endif
| #ifdef HAVE_UNISTD_H
| # include <unistd.h>
| #endif
| #include <malloc.h>
configure:18876: result: no
configure:18882: checking for memory.h
configure:18882: gcc -c -g -O2 -I/Users/eyalrothschild/Google Drive/My Drive/University/Projects/Chip8/SDL2-2.30.3/include -idirafter /Users/eyalrothschild/Google Drive/My Drive/University/Projects/Chip8/SDL2-2.30.3/src/video/khronos   -I/Users/eyalrothschild/Google Drive/My Drive/University/Projects/Chip8/SDL2-2.30.3/include -idirafter /Users/eyalrothschild/Google Drive/My Drive/University/Projects/Chip8/SDL2-2.30.3/src/video/khronos  conftest.c >&5
clang: error: no such file or directory: 'Drive/My'
clang: error: no such file or directory: 'Drive/University/Projects/Chip8/SDL2-2.30.3/include'
clang: error: no such file or directory: 'Drive/My'
clang: error: no such file or directory: 'Drive/University/Projects/Chip8/SDL2-2.30.3/src/video/khronos'
clang: error: no such file or directory: 'Drive/My'
clang: error: no such file or directory: 'Drive/University/Projects/Chip8/SDL2-2.30.3/include'
clang: error: no such file or directory: 'Drive/My'
clang: error: no such file or directory: 'Drive/University/Projects/Chip8/SDL2-2.30.3/src/video/khronos'
configure:18882: $? = 1
configure: failed program was:
| /* confdefs.h */
| #define PACKAGE_NAME ""
| #define PACKAGE_TARNAME ""
| #define PACKAGE_VERSION ""
| #define PACKAGE_STRING ""
| #define PACKAGE_BUGREPORT ""
| #define PACKAGE_URL ""
| #define HAVE_STDIO_H 1
| #define HAVE_STDLIB_H 1
| #define HAVE_STRING_H 1
| #define HAVE_INTTYPES_H 1
| #define HAVE_STDINT_H 1
| #define HAVE_STRINGS_H 1
| #define HAVE_SYS_STAT_H 1
| #define HAVE_SYS_TYPES_H 1
| #define HAVE_UNISTD_H 1
| #define STDC_HEADERS 1
| #define HAVE_DLFCN_H 1
| #define LT_OBJDIR ".libs/"
| #define const /**/
| #ifndef __cplusplus
| #define inline 
| #endif
| #define volatile /**/
| #define HAVE_LIBC 1
| #define HAVE_SYS_TYPES_H 1
| #define HAVE_STDIO_H 1
| #define HAVE_STDLIB_H 1
| /* end confdefs.h.  */
| #include <stddef.h>
| #ifdef HAVE_STDIO_H
| # include <stdio.h>
| #endif
| #ifdef HAVE_STDLIB_H
| # include <stdlib.h>
| #endif
| #ifdef HAVE_STRING_H
| # include <string.h>
| #endif
| #ifdef HAVE_INTTYPES_H
| # include <inttypes.h>
| #endif
| #ifdef HAVE_STDINT_H
| # include <stdint.h>
| #endif
| #ifdef HAVE_STRINGS_H
| # include <strings.h>
| #endif
| #ifdef HAVE_SYS_TYPES_H
| # include <sys/types.h>
| #endif
| #ifdef HAVE_SYS_STAT_H
| # include <sys/stat.h>
| #endif
| #ifdef HAVE_UNISTD_H
| # include <unistd.h>
| #endif
| #include <memory.h>
configure:18882: result: no
configure:18888: checking for string.h
configure:18888: result: yes
configure:18894: checking for strings.h
configure:18894: result: yes
configure:18900: checking for wchar.h
configure:18900: gcc -c -g -O2 -I/Users/eyalrothschild/Google Drive/My Drive/University/Projects/Chip8/SDL2-2.30.3/include -idirafter /Users/eyalrothschild/Google Drive/My Drive/University/Projects/Chip8/SDL2-2.30.3/src/video/khronos   -I/Users/eyalrothschild/Google Drive/My Drive/University/Projects/Chip8/SDL2-2.30.3/include -idirafter /Users/eyalrothschild/Google Drive/My Drive/University/Projects/Chip8/SDL2-2.30.3/src/video/khronos  conftest.c >&5
clang: error: no such file or directory: 'Drive/My'
clang: error: no such file or directory: 'Drive/University/Projects/Chip8/SDL2-2.30.3/include'
clang: error: no such file or directory: 'Drive/My'
clang: error: no such file or directory: 'Drive/University/Projects/Chip8/SDL2-2.30.3/src/video/khronos'
clang: error: no such file or directory: 'Drive/My'
clang: error: no such file or directory: 'Drive/University/Projects/Chip8/SDL2-2.30.3/include'
clang: error: no such file or directory: 'Drive/My'
clang: error: no such file or directory: 'Drive/University/Projects/Chip8/SDL2-2.30.3/src/video/khronos'
configure:18900: $? = 1
configure: failed program was:
| /* confdefs.h */
| #define PACKAGE_NAME ""
| #define PACKAGE_TARNAME ""
| #define PACKAGE_VERSION ""
| #define PACKAGE_STRING ""
| #define PACKAGE_BUGREPORT ""
| #define PACKAGE_URL ""
| #define HAVE_STDIO_H 1
| #define HAVE_STDLIB_H 1
| #define HAVE_STRING_H 1
| #define HAVE_INTTYPES_H 1
| #define HAVE_STDINT_H 1
| #define HAVE_STRINGS_H 1
| #define HAVE_SYS_STAT_H 1
| #define HAVE_SYS_TYPES_H 1
| #define HAVE_UNISTD_H 1
| #define STDC_HEADERS 1
| #define HAVE_DLFCN_H 1
| #define LT_OBJDIR ".libs/"
| #define const /**/
| #ifndef __cplusplus
| #define inline 
| #endif
| #define volatile /**/
| #define HAVE_LIBC 1
| #define HAVE_SYS_TYPES_H 1
| #define HAVE_STDIO_H 1
| #define HAVE_STDLIB_H 1
| #define HAVE_STRING_H 1
| #define HAVE_STRINGS_H 1
| /* end confdefs.h.  */
| #include <stddef.h>
| #ifdef HAVE_STDIO_H
| # include <stdio.h>
| #endif
| #ifdef HAVE_STDLIB_H
| # include <stdlib.h>
| #endif
| #ifdef HAVE_STRING_H
| # include <string.h>
| #endif
| #ifdef HAVE_INTTYPES_H
| # include <inttypes.h>
| #endif
| #ifdef HAVE_STDINT_H
| # include <stdint.h>
| #endif
| #ifdef HAVE_STRINGS_H
| # include <strings.h>
| #endif
| #ifdef HAVE_SYS_TYPES_H
| # include <sys/types.h>
| #endif
| #ifdef HAVE_SYS_STAT_H
| # include <sys/stat.h>
| #endif
| #ifdef HAVE_UNISTD_H
| # include <unistd.h>
| #endif
| #include <wchar.h>
configure:18900: result: no
configure:18906: checking for inttypes.h
configure:18906: result: yes
configure:18912: checking for stdint.h
configure:18912: result: yes
configure:18918: checking for limits.h
configure:18918: gcc -c -g -O2 -I/Users/eyalrothschild/Google Drive/My Drive/University/Projects/Chip8/SDL2-2.30.3/include -idirafter /Users/eyalrothschild/Google Drive/My Drive/University/Projects/Chip8/SDL2-2.30.3/src/video/khronos   -I/Users/eyalrothschild/Google Drive/My Drive/University/Projects/Chip8/SDL2-2.30.3/include -idirafter /Users/eyalrothschild/Google Drive/My Drive/University/Projects/Chip8/SDL2-2.30.3/src/video/khronos  conftest.c >&5
clang: error: no such file or directory: 'Drive/My'
clang: error: no such file or directory: 'Drive/University/Projects/Chip8/SDL2-2.30.3/include'
clang: error: no such file or directory: 'Drive/My'
clang: error: no such file or directory: 'Drive/University/Projects/Chip8/SDL2-2.30.3/src/video/khronos'
clang: error: no such file or directory: 'Drive/My'
clang: error: no such file or directory: 'Drive/University/Projects/Chip8/SDL2-2.30.3/include'
clang: error: no such file or directory: 'Drive/My'
clang: error: no such file or directory: 'Drive/University/Projects/Chip8/SDL2-2.30.3/src/video/khronos'
configure:18918: $? = 1
configure: failed program was:
| /* confdefs.h */
| #define PACKAGE_NAME ""
| #define PACKAGE_TARNAME ""
| #define PACKAGE_VERSION ""
| #define PACKAGE_STRING ""
| #define PACKAGE_BUGREPORT ""
| #define PACKAGE_URL ""
| #define HAVE_STDIO_H 1
| #define HAVE_STDLIB_H 1
| #define HAVE_STRING_H 1
| #define HAVE_INTTYPES_H 1
| #define HAVE_STDINT_H 1
| #define HAVE_STRINGS_H 1
| #define HAVE_SYS_STAT_H 1
| #define HAVE_SYS_TYPES_H 1
| #define HAVE_UNISTD_H 1
| #define STDC_HEADERS 1
| #define HAVE_DLFCN_H 1
| #define LT_OBJDIR ".libs/"
| #define const /**/
| #ifndef __cplusplus
| #define inline 
| #endif
| #define volatile /**/
| #define HAVE_LIBC 1
| #define HAVE_SYS_TYPES_H 1
| #define HAVE_STDIO_H 1
| #define HAVE_STDLIB_H 1
| #define HAVE_STRING_H 1
| #define HAVE_STRINGS_H 1
| #define HAVE_INTTYPES_H 1
| #define HAVE_STDINT_H 1
| /* end confdefs.h.  */
| #include <stddef.h>
| #ifdef HAVE_STDIO_H
| # include <stdio.h>
| #endif
| #ifdef HAVE_STDLIB_H
| # include <stdlib.h>
| #endif
| #ifdef HAVE_STRING_H
| # include <string.h>
| #endif
| #ifdef HAVE_INTTYPES_H
| # include <inttypes.h>
| #endif
| #ifdef HAVE_STDINT_H
| # include <stdint.h>
| #endif
| #ifdef HAVE_STRINGS_H
| # include <strings.h>
| #endif
| #ifdef HAVE_SYS_TYPES_H
| # include <sys/types.h>
| #endif
| #ifdef HAVE_SYS_STAT_H
| # include <sys/stat.h>
| #endif
| #ifdef HAVE_UNISTD_H
| # include <unistd.h>
| #endif
| #include <limits.h>
configure:18918: result: no
configure:18924: checking for ctype.h
configure:18924: gcc -c -g -O2 -I/Users/eyalrothschild/Google Drive/My Drive/University/Projects/Chip8/SDL2-2.30.3/include -idirafter /Users/eyalrothschild/Google Drive/My Drive/University/Projects/Chip8/SDL2-2.30.3/src/video/khronos   -I/Users/eyalrothschild/Google Drive/My Drive/University/Projects/Chip8/SDL2-2.30.3/include -idirafter /Users/eyalrothschild/Google Drive/My Drive/University/Projects/Chip8/SDL2-2.30.3/src/video/khronos  conftest.c >&5
clang: error: no such file or directory: 'Drive/My'
clang: error: no such file or directory: 'Drive/University/Projects/Chip8/SDL2-2.30.3/include'
clang: error: no such file or directory: 'Drive/My'
clang: error: no such file or directory: 'Drive/University/Projects/Chip8/SDL2-2.30.3/src/video/khronos'
clang: error: no such file or directory: 'Drive/My'
clang: error: no such file or directory: 'Drive/University/Projects/Chip8/SDL2-2.30.3/include'
clang: error: no such file or directory: 'Drive/My'
clang: error: no such file or directory: 'Drive/University/Projects/Chip8/SDL2-2.30.3/src/video/khronos'
configure:18924: $? = 1
configure: failed program was:
| /* confdefs.h */
| #define PACKAGE_NAME ""
| #define PACKAGE_TARNAME ""
| #define PACKAGE_VERSION ""
| #define PACKAGE_STRING ""
| #define PACKAGE_BUGREPORT ""
| #define PACKAGE_URL ""
| #define HAVE_STDIO_H 1
| #define HAVE_STDLIB_H 1
| #define HAVE_STRING_H 1
| #define HAVE_INTTYPES_H 1
| #define HAVE_STDINT_H 1
| #define HAVE_STRINGS_H 1
| #define HAVE_SYS_STAT_H 1
| #define HAVE_SYS_TYPES_H 1
| #define HAVE_UNISTD_H 1
| #define STDC_HEADERS 1
| #define HAVE_DLFCN_H 1
| #define LT_OBJDIR ".libs/"
| #define const /**/
| #ifndef __cplusplus
| #define inline 
| #endif
| #define volatile /**/
| #define HAVE_LIBC 1
| #define HAVE_SYS_TYPES_H 1
| #define HAVE_STDIO_H 1
| #define HAVE_STDLIB_H 1
| #define HAVE_STRING_H 1
| #define HAVE_STRINGS_H 1
| #define HAVE_INTTYPES_H 1
| #define HAVE_STDINT_H 1
| /* end confdefs.h.  */
| #include <stddef.h>
| #ifdef HAVE_STDIO_H
| # include <stdio.h>
| #endif
| #ifdef HAVE_STDLIB_H
| # include <stdlib.h>
| #endif
| #ifdef HAVE_STRING_H
| # include <string.h>
| #endif
| #ifdef HAVE_INTTYPES_H
| # include <inttypes.h>
| #endif
| #ifdef HAVE_STDINT_H
| # include <stdint.h>
| #endif
| #ifdef HAVE_STRINGS_H
| # include <strings.h>
| #endif
| #ifdef HAVE_SYS_TYPES_H
| # include <sys/types.h>
| #endif
| #ifdef HAVE_SYS_STAT_H
| # include <sys/stat.h>
| #endif
| #ifdef HAVE_UNISTD_H
| # include <unistd.h>
| #endif
| #include <ctype.h>
configure:18924: result: no
configure:18930: checking for math.h
configure:18930: gcc -c -g -O2 -I/Users/eyalrothschild/Google Drive/My Drive/University/Projects/Chip8/SDL2-2.30.3/include -idirafter /Users/eyalrothschild/Google Drive/My Drive/University/Projects/Chip8/SDL2-2.30.3/src/video/khronos   -I/Users/eyalrothschild/Google Drive/My Drive/University/Projects/Chip8/SDL2-2.30.3/include -idirafter /Users/eyalrothschild/Google Drive/My Drive/University/Projects/Chip8/SDL2-2.30.3/src/video/khronos  conftest.c >&5
clang: error: no such file or directory: 'Drive/My'
clang: error: no such file or directory: 'Drive/University/Projects/Chip8/SDL2-2.30.3/include'
clang: error: no such file or directory: 'Drive/My'
clang: error: no such file or directory: 'Drive/University/Projects/Chip8/SDL2-2.30.3/src/video/khronos'
clang: error: no such file or directory: 'Drive/My'
clang: error: no such file or directory: 'Drive/University/Projects/Chip8/SDL2-2.30.3/include'
clang: error: no such file or directory: 'Drive/My'
clang: error: no such file or directory: 'Drive/University/Projects/Chip8/SDL2-2.30.3/src/video/khronos'
configure:18930: $? = 1
configure: failed program was:
| /* confdefs.h */
| #define PACKAGE_NAME ""
| #define PACKAGE_TARNAME ""
| #define PACKAGE_VERSION ""
| #define PACKAGE_STRING ""
| #define PACKAGE_BUGREPORT ""
| #define PACKAGE_URL ""
| #define HAVE_STDIO_H 1
| #define HAVE_STDLIB_H 1
| #define HAVE_STRING_H 1
| #define HAVE_INTTYPES_H 1
| #define HAVE_STDINT_H 1
| #define HAVE_STRINGS_H 1
| #define HAVE_SYS_STAT_H 1
| #define HAVE_SYS_TYPES_H 1
| #define HAVE_UNISTD_H 1
| #define STDC_HEADERS 1
| #define HAVE_DLFCN_H 1
| #define LT_OBJDIR ".libs/"
| #define const /**/
| #ifndef __cplusplus
| #define inline 
| #endif
| #define volatile /**/
| #define HAVE_LIBC 1
| #define HAVE_SYS_TYPES_H 1
| #define HAVE_STDIO_H 1
| #define HAVE_STDLIB_H 1
| #define HAVE_STRING_H 1
| #define HAVE_STRINGS_H 1
| #define HAVE_INTTYPES_H 1
| #define HAVE_STDINT_H 1
| /* end confdefs.h.  */
| #include <stddef.h>
| #ifdef HAVE_STDIO_H
| # include <stdio.h>
| #endif
| #ifdef HAVE_STDLIB_H
| # include <stdlib.h>
| #endif
| #ifdef HAVE_STRING_H
| # include <string.h>
| #endif
| #ifdef HAVE_INTTYPES_H
| # include <inttypes.h>
| #endif
| #ifdef HAVE_STDINT_H
| # include <stdint.h>
| #endif
| #ifdef HAVE_STRINGS_H
| # include <strings.h>
| #endif
| #ifdef HAVE_SYS_TYPES_H
| # include <sys/types.h>
| #endif
| #ifdef HAVE_SYS_STAT_H
| # include <sys/stat.h>
| #endif
| #ifdef HAVE_UNISTD_H
| # include <unistd.h>
| #endif
| #include <math.h>
configure:18930: result: no
configure:18936: checking for float.h
configure:18936: gcc -c -g -O2 -I/Users/eyalrothschild/Google Drive/My Drive/University/Projects/Chip8/SDL2-2.30.3/include -idirafter /Users/eyalrothschild/Google Drive/My Drive/University/Projects/Chip8/SDL2-2.30.3/src/video/khronos   -I/Users/eyalrothschild/Google Drive/My Drive/University/Projects/Chip8/SDL2-2.30.3/include -idirafter /Users/eyalrothschild/Google Drive/My Drive/University/Projects/Chip8/SDL2-2.30.3/src/video/khronos  conftest.c >&5
clang: error: no such file or directory: 'Drive/My'
clang: error: no such file or directory: 'Drive/University/Projects/Chip8/SDL2-2.30.3/include'
clang: error: no such file or directory: 'Drive/My'
clang: error: no such file or directory: 'Drive/University/Projects/Chip8/SDL2-2.30.3/src/video/khronos'
clang: error: no such file or directory: 'Drive/My'
clang: error: no such file or directory: 'Drive/University/Projects/Chip8/SDL2-2.30.3/include'
clang: error: no such file or directory: 'Drive/My'
clang: error: no such file or directory: 'Drive/University/Projects/Chip8/SDL2-2.30.3/src/video/khronos'
configure:18936: $? = 1
configure: failed program was:
| /* confdefs.h */
| #define PACKAGE_NAME ""
| #define PACKAGE_TARNAME ""
| #define PACKAGE_VERSION ""
| #define PACKAGE_STRING ""
| #define PACKAGE_BUGREPORT ""
| #define PACKAGE_URL ""
| #define HAVE_STDIO_H 1
| #define HAVE_STDLIB_H 1
| #define HAVE_STRING_H 1
| #define HAVE_INTTYPES_H 1
| #define HAVE_STDINT_H 1
| #define HAVE_STRINGS_H 1
| #define HAVE_SYS_STAT_H 1
| #define HAVE_SYS_TYPES_H 1
| #define HAVE_UNISTD_H 1
| #define STDC_HEADERS 1
| #define HAVE_DLFCN_H 1
| #define LT_OBJDIR ".libs/"
| #define const /**/
| #ifndef __cplusplus
| #define inline 
| #endif
| #define volatile /**/
| #define HAVE_LIBC 1
| #define HAVE_SYS_TYPES_H 1
| #define HAVE_STDIO_H 1
| #define HAVE_STDLIB_H 1
| #define HAVE_STRING_H 1
| #define HAVE_STRINGS_H 1
| #define HAVE_INTTYPES_H 1
| #define HAVE_STDINT_H 1
| /* end confdefs.h.  */
| #include <stddef.h>
| #ifdef HAVE_STDIO_H
| # include <stdio.h>
| #endif
| #ifdef HAVE_STDLIB_H
| # include <stdlib.h>
| #endif
| #ifdef HAVE_STRING_H
| # include <string.h>
| #endif
| #ifdef HAVE_INTTYPES_H
| # include <inttypes.h>
| #endif
| #ifdef HAVE_STDINT_H
| # include <stdint.h>
| #endif
| #ifdef HAVE_STRINGS_H
| # include <strings.h>
| #endif
| #ifdef HAVE_SYS_TYPES_H
| # include <sys/types.h>
| #endif
| #ifdef HAVE_SYS_STAT_H
| # include <sys/stat.h>
| #endif
| #ifdef HAVE_UNISTD_H
| # include <unistd.h>
| #endif
| #include <float.h>
configure:18936: result: no
configure:18942: checking for iconv.h
configure:18942: gcc -c -g -O2 -I/Users/eyalrothschild/Google Drive/My Drive/University/Projects/Chip8/SDL2-2.30.3/include -idirafter /Users/eyalrothschild/Google Drive/My Drive/University/Projects/Chip8/SDL2-2.30.3/src/video/khronos   -I/Users/eyalrothschild/Google Drive/My Drive/University/Projects/Chip8/SDL2-2.30.3/include -idirafter /Users/eyalrothschild/Google Drive/My Drive/University/Projects/Chip8/SDL2-2.30.3/src/video/khronos  conftest.c >&5
clang: error: no such file or directory: 'Drive/My'
clang: error: no such file or directory: 'Drive/University/Projects/Chip8/SDL2-2.30.3/include'
clang: error: no such file or directory: 'Drive/My'
clang: error: no such file or directory: 'Drive/University/Projects/Chip8/SDL2-2.30.3/src/video/khronos'
clang: error: no such file or directory: 'Drive/My'
clang: error: no such file or directory: 'Drive/University/Projects/Chip8/SDL2-2.30.3/include'
clang: error: no such file or directory: 'Drive/My'
clang: error: no such file or directory: 'Drive/University/Projects/Chip8/SDL2-2.30.3/src/video/khronos'
configure:18942: $? = 1
configure: failed program was:
| /* confdefs.h */
| #define PACKAGE_NAME ""
| #define PACKAGE_TARNAME ""
| #define PACKAGE_VERSION ""
| #define PACKAGE_STRING ""
| #define PACKAGE_BUGREPORT ""
| #define PACKAGE_URL ""
| #define HAVE_STDIO_H 1
| #define HAVE_STDLIB_H 1
| #define HAVE_STRING_H 1
| #define HAVE_INTTYPES_H 1
| #define HAVE_STDINT_H 1
| #define HAVE_STRINGS_H 1
| #define HAVE_SYS_STAT_H 1
| #define HAVE_SYS_TYPES_H 1
| #define HAVE_UNISTD_H 1
| #define STDC_HEADERS 1
| #define HAVE_DLFCN_H 1
| #define LT_OBJDIR ".libs/"
| #define const /**/
| #ifndef __cplusplus
| #define inline 
| #endif
| #define volatile /**/
| #define HAVE_LIBC 1
| #define HAVE_SYS_TYPES_H 1
| #define HAVE_STDIO_H 1
| #define HAVE_STDLIB_H 1
| #define HAVE_STRING_H 1
| #define HAVE_STRINGS_H 1
| #define HAVE_INTTYPES_H 1
| #define HAVE_STDINT_H 1
| /* end confdefs.h.  */
| #include <stddef.h>
| #ifdef HAVE_STDIO_H
| # include <stdio.h>
| #endif
| #ifdef HAVE_STDLIB_H
| # include <stdlib.h>
| #endif
| #ifdef HAVE_STRING_H
| # include <string.h>
| #endif
| #ifdef HAVE_INTTYPES_H
| # include <inttypes.h>
| #endif
| #ifdef HAVE_STDINT_H
| # include <stdint.h>
| #endif
| #ifdef HAVE_STRINGS_H
| # include <strings.h>
| #endif
| #ifdef HAVE_SYS_TYPES_H
| # include <sys/types.h>
| #endif
| #ifdef HAVE_SYS_STAT_H
| # include <sys/stat.h>
| #endif
| #ifdef HAVE_UNISTD_H
| # include <unistd.h>
| #endif
| #include <iconv.h>
configure:18942: result: no
configure:18948: checking for signal.h
configure:18948: gcc -c -g -O2 -I/Users/eyalrothschild/Google Drive/My Drive/University/Projects/Chip8/SDL2-2.30.3/include -idirafter /Users/eyalrothschild/Google Drive/My Drive/University/Projects/Chip8/SDL2-2.30.3/src/video/khronos   -I/Users/eyalrothschild/Google Drive/My Drive/University/Projects/Chip8/SDL2-2.30.3/include -idirafter /Users/eyalrothschild/Google Drive/My Drive/University/Projects/Chip8/SDL2-2.30.3/src/video/khronos  conftest.c >&5
clang: error: no such file or directory: 'Drive/My'
clang: error: no such file or directory: 'Drive/University/Projects/Chip8/SDL2-2.30.3/include'
clang: error: no such file or directory: 'Drive/My'
clang: error: no such file or directory: 'Drive/University/Projects/Chip8/SDL2-2.30.3/src/video/khronos'
clang: error: no such file or directory: 'Drive/My'
clang: error: no such file or directory: 'Drive/University/Projects/Chip8/SDL2-2.30.3/include'
clang: error: no such file or directory: 'Drive/My'
clang: error: no such file or directory: 'Drive/University/Projects/Chip8/SDL2-2.30.3/src/video/khronos'
configure:18948: $? = 1
configure: failed program was:
| /* confdefs.h */
| #define PACKAGE_NAME ""
| #define PACKAGE_TARNAME ""
| #define PACKAGE_VERSION ""
| #define PACKAGE_STRING ""
| #define PACKAGE_BUGREPORT ""
| #define PACKAGE_URL ""
| #define HAVE_STDIO_H 1
| #define HAVE_STDLIB_H 1
| #define HAVE_STRING_H 1
| #define HAVE_INTTYPES_H 1
| #define HAVE_STDINT_H 1
| #define HAVE_STRINGS_H 1
| #define HAVE_SYS_STAT_H 1
| #define HAVE_SYS_TYPES_H 1
| #define HAVE_UNISTD_H 1
| #define STDC_HEADERS 1
| #define HAVE_DLFCN_H 1
| #define LT_OBJDIR ".libs/"
| #define const /**/
| #ifndef __cplusplus
| #define inline 
| #endif
| #define volatile /**/
| #define HAVE_LIBC 1
| #define HAVE_SYS_TYPES_H 1
| #define HAVE_STDIO_H 1
| #define HAVE_STDLIB_H 1
| #define HAVE_STRING_H 1
| #define HAVE_STRINGS_H 1
| #define HAVE_INTTYPES_H 1
| #define HAVE_STDINT_H 1
| /* end confdefs.h.  */
| #include <stddef.h>
| #ifdef HAVE_STDIO_H
| # include <stdio.h>
| #endif
| #ifdef HAVE_STDLIB_H
| # include <stdlib.h>
| #endif
| #ifdef HAVE_STRING_H
| # include <string.h>
| #endif
| #ifdef HAVE_INTTYPES_H
| # include <inttypes.h>
| #endif
| #ifdef HAVE_STDINT_H
| # include <stdint.h>
| #endif
| #ifdef HAVE_STRINGS_H
| # include <strings.h>
| #endif
| #ifdef HAVE_SYS_TYPES_H
| # include <sys/types.h>
| #endif
| #ifdef HAVE_SYS_STAT_H
| # include <sys/stat.h>
| #endif
| #ifdef HAVE_UNISTD_H
| # include <unistd.h>
| #endif
| #include <signal.h>
configure:18948: result: no
configure:18956: checking for size_t
configure:18956: gcc -c -g -O2 -I/Users/eyalrothschild/Google Drive/My Drive/University/Projects/Chip8/SDL2-2.30.3/include -idirafter /Users/eyalrothschild/Google Drive/My Drive/University/Projects/Chip8/SDL2-2.30.3/src/video/khronos   -I/Users/eyalrothschild/Google Drive/My Drive/University/Projects/Chip8/SDL2-2.30.3/include -idirafter /Users/eyalrothschild/Google Drive/My Drive/University/Projects/Chip8/SDL2-2.30.3/src/video/khronos  conftest.c >&5
clang: error: no such file or directory: 'Drive/My'
clang: error: no such file or directory: 'Drive/University/Projects/Chip8/SDL2-2.30.3/include'
clang: error: no such file or directory: 'Drive/My'
clang: error: no such file or directory: 'Drive/University/Projects/Chip8/SDL2-2.30.3/src/video/khronos'
clang: error: no such file or directory: 'Drive/My'
clang: error: no such file or directory: 'Drive/University/Projects/Chip8/SDL2-2.30.3/include'
clang: error: no such file or directory: 'Drive/My'
clang: error: no such file or directory: 'Drive/University/Projects/Chip8/SDL2-2.30.3/src/video/khronos'
configure:18956: $? = 1
configure: failed program was:
| /* confdefs.h */
| #define PACKAGE_NAME ""
| #define PACKAGE_TARNAME ""
| #define PACKAGE_VERSION ""
| #define PACKAGE_STRING ""
| #define PACKAGE_BUGREPORT ""
| #define PACKAGE_URL ""
| #define HAVE_STDIO_H 1
| #define HAVE_STDLIB_H 1
| #define HAVE_STRING_H 1
| #define HAVE_INTTYPES_H 1
| #define HAVE_STDINT_H 1
| #define HAVE_STRINGS_H 1
| #define HAVE_SYS_STAT_H 1
| #define HAVE_SYS_TYPES_H 1
| #define HAVE_UNISTD_H 1
| #define STDC_HEADERS 1
| #define HAVE_DLFCN_H 1
| #define LT_OBJDIR ".libs/"
| #define const /**/
| #ifndef __cplusplus
| #define inline 
| #endif
| #define volatile /**/
| #define HAVE_LIBC 1
| #define HAVE_SYS_TYPES_H 1
| #define HAVE_STDIO_H 1
| #define HAVE_STDLIB_H 1
| #define HAVE_STRING_H 1
| #define HAVE_STRINGS_H 1
| #define HAVE_INTTYPES_H 1
| #define HAVE_STDINT_H 1
| /* end confdefs.h.  */
| #include <stddef.h>
| #ifdef HAVE_STDIO_H
| # include <stdio.h>
| #endif
| #ifdef HAVE_STDLIB_H
| # include <stdlib.h>
| #endif
| #ifdef HAVE_STRING_H
| # include <string.h>
| #endif
| #ifdef HAVE_INTTYPES_H
| # include <inttypes.h>
| #endif
| #ifdef HAVE_STDINT_H
| # include <stdint.h>
| #endif
| #ifdef HAVE_STRINGS_H
| # include <strings.h>
| #endif
| #ifdef HAVE_SYS_TYPES_H
| # include <sys/types.h>
| #endif
| #ifdef HAVE_SYS_STAT_H
| # include <sys/stat.h>
| #endif
| #ifdef HAVE_UNISTD_H
| # include <unistd.h>
| #endif
| int
| main (void)
| {
| if (sizeof (size_t))
| 	 return 0;
|   ;
|   return 0;
| }
configure:18956: result: no
configure:18972: checking how to run the C preprocessor
configure:19040: result: /usr/bin/cpp
configure:19054: /usr/bin/cpp  -I/Users/eyalrothschild/Google Drive/My Drive/University/Projects/Chip8/SDL2-2.30.3/include -idirafter /Users/eyalrothschild/Google Drive/My Drive/University/Projects/Chip8/SDL2-2.30.3/src/video/khronos  conftest.c
clang: error: no such file or directory: 'Drive/My'
clang: error: no input files
configure:19054: $? = 1
configure: failed program was:
| /* confdefs.h */
| #define PACKAGE_NAME ""
| #define PACKAGE_TARNAME ""
| #define PACKAGE_VERSION ""
| #define PACKAGE_STRING ""
| #define PACKAGE_BUGREPORT ""
| #define PACKAGE_URL ""
| #define HAVE_STDIO_H 1
| #define HAVE_STDLIB_H 1
| #define HAVE_STRING_H 1
| #define HAVE_INTTYPES_H 1
| #define HAVE_STDINT_H 1
| #define HAVE_STRINGS_H 1
| #define HAVE_SYS_STAT_H 1
| #define HAVE_SYS_TYPES_H 1
| #define HAVE_UNISTD_H 1
| #define STDC_HEADERS 1
| #define HAVE_DLFCN_H 1
| #define LT_OBJDIR ".libs/"
| #define const /**/
| #ifndef __cplusplus
| #define inline 
| #endif
| #define volatile /**/
| #define HAVE_LIBC 1
| #define HAVE_SYS_TYPES_H 1
| #define HAVE_STDIO_H 1
| #define HAVE_STDLIB_H 1
| #define HAVE_STRING_H 1
| #define HAVE_STRINGS_H 1
| #define HAVE_INTTYPES_H 1
| #define HAVE_STDINT_H 1
| #define size_t unsigned int
| /* end confdefs.h.  */
| #include <limits.h>
| 		     Syntax error
configure:19054: /usr/bin/cpp  -I/Users/eyalrothschild/Google Drive/My Drive/University/Projects/Chip8/SDL2-2.30.3/include -idirafter /Users/eyalrothschild/Google Drive/My Drive/University/Projects/Chip8/SDL2-2.30.3/src/video/khronos  conftest.c
clang: error: no such file or directory: 'Drive/My'
clang: error: no input files
configure:19054: $? = 1
configure: failed program was:
| /* confdefs.h */
| #define PACKAGE_NAME ""
| #define PACKAGE_TARNAME ""
| #define PACKAGE_VERSION ""
| #define PACKAGE_STRING ""
| #define PACKAGE_BUGREPORT ""
| #define PACKAGE_URL ""
| #define HAVE_STDIO_H 1
| #define HAVE_STDLIB_H 1
| #define HAVE_STRING_H 1
| #define HAVE_INTTYPES_H 1
| #define HAVE_STDINT_H 1
| #define HAVE_STRINGS_H 1
| #define HAVE_SYS_STAT_H 1
| #define HAVE_SYS_TYPES_H 1
| #define HAVE_UNISTD_H 1
| #define STDC_HEADERS 1
| #define HAVE_DLFCN_H 1
| #define LT_OBJDIR ".libs/"
| #define const /**/
| #ifndef __cplusplus
| #define inline 
| #endif
| #define volatile /**/
| #define HAVE_LIBC 1
| #define HAVE_SYS_TYPES_H 1
| #define HAVE_STDIO_H 1
| #define HAVE_STDLIB_H 1
| #define HAVE_STRING_H 1
| #define HAVE_STRINGS_H 1
| #define HAVE_INTTYPES_H 1
| #define HAVE_STDINT_H 1
| #define size_t unsigned int
| /* end confdefs.h.  */
| #include <limits.h>
| 		     Syntax error
configure:19087: error: in `/Users/eyalrothschild/Google Drive/My Drive/University/Projects/Chip8/SDL2-2.30.3':
configure:19089: error: C preprocessor "/usr/bin/cpp" fails sanity check
See `config.log' for more details

## ---------------- ##
## Cache variables. ##
## ---------------- ##

ac_cv_build=aarch64-apple-darwin23.5.0
ac_cv_c_compiler_gnu=yes
ac_cv_c_const=no
ac_cv_c_inline=no
ac_cv_c_volatile=no
ac_cv_cxx_compiler_gnu=yes
ac_cv_env_CCC_set=
ac_cv_env_CCC_value=
ac_cv_env_CC_set=
ac_cv_env_CC_value=
ac_cv_env_CFLAGS_set=
ac_cv_env_CFLAGS_value=
ac_cv_env_CPPFLAGS_set=
ac_cv_env_CPPFLAGS_value=
ac_cv_env_CPP_set=set
ac_cv_env_CPP_value=/usr/bin/cpp
ac_cv_env_CXXCPP_set=
ac_cv_env_CXXCPP_value=
ac_cv_env_CXXFLAGS_set=
ac_cv_env_CXXFLAGS_value=
ac_cv_env_CXX_set=
ac_cv_env_CXX_value=
ac_cv_env_DBUS_CFLAGS_set=
ac_cv_env_DBUS_CFLAGS_value=
ac_cv_env_DBUS_LIBS_set=
ac_cv_env_DBUS_LIBS_value=
ac_cv_env_DECOR_CFLAGS_set=
ac_cv_env_DECOR_CFLAGS_value=
ac_cv_env_DECOR_LIBS_set=
ac_cv_env_DECOR_LIBS_value=
ac_cv_env_DIRECTFB_CFLAGS_set=
ac_cv_env_DIRECTFB_CFLAGS_value=
ac_cv_env_DIRECTFB_LIBS_set=
ac_cv_env_DIRECTFB_LIBS_value=
ac_cv_env_ESD_CFLAGS_set=
ac_cv_env_ESD_CFLAGS_value=
ac_cv_env_ESD_LIBS_set=
ac_cv_env_ESD_LIBS_value=
ac_cv_env_FUSIONSOUND_CFLAGS_set=
ac_cv_env_FUSIONSOUND_CFLAGS_value=
ac_cv_env_FUSIONSOUND_LIBS_set=
ac_cv_env_FUSIONSOUND_LIBS_value=
ac_cv_env_IBUS_CFLAGS_set=
ac_cv_env_IBUS_CFLAGS_value=
ac_cv_env_IBUS_LIBS_set=
ac_cv_env_IBUS_LIBS_value=
ac_cv_env_JACK_CFLAGS_set=
ac_cv_env_JACK_CFLAGS_value=
ac_cv_env_JACK_LIBS_set=
ac_cv_env_JACK_LIBS_value=
ac_cv_env_LDFLAGS_set=
ac_cv_env_LDFLAGS_value=
ac_cv_env_LIBDRM_CFLAGS_set=
ac_cv_env_LIBDRM_CFLAGS_value=
ac_cv_env_LIBDRM_LIBS_set=
ac_cv_env_LIBDRM_LIBS_value=
ac_cv_env_LIBGBM_CFLAGS_set=
ac_cv_env_LIBGBM_CFLAGS_value=
ac_cv_env_LIBGBM_LIBS_set=
ac_cv_env_LIBGBM_LIBS_value=
ac_cv_env_LIBS_set=
ac_cv_env_LIBS_value=
ac_cv_env_LIBUSB_CFLAGS_set=
ac_cv_env_LIBUSB_CFLAGS_value=
ac_cv_env_LIBUSB_LIBS_set=
ac_cv_env_LIBUSB_LIBS_value=
ac_cv_env_LT_SYS_LIBRARY_PATH_set=
ac_cv_env_LT_SYS_LIBRARY_PATH_value=
ac_cv_env_PIPEWIRE_CFLAGS_set=
ac_cv_env_PIPEWIRE_CFLAGS_value=
ac_cv_env_PIPEWIRE_LIBS_set=
ac_cv_env_PIPEWIRE_LIBS_value=
ac_cv_env_PKG_CONFIG_LIBDIR_set=
ac_cv_env_PKG_CONFIG_LIBDIR_value=
ac_cv_env_PKG_CONFIG_PATH_set=
ac_cv_env_PKG_CONFIG_PATH_value=
ac_cv_env_PKG_CONFIG_set=
ac_cv_env_PKG_CONFIG_value=
ac_cv_env_PULSEAUDIO_CFLAGS_set=
ac_cv_env_PULSEAUDIO_CFLAGS_value=
ac_cv_env_PULSEAUDIO_LIBS_set=
ac_cv_env_PULSEAUDIO_LIBS_value=
ac_cv_env_RPI_CFLAGS_set=
ac_cv_env_RPI_CFLAGS_value=
ac_cv_env_RPI_LIBS_set=
ac_cv_env_RPI_LIBS_value=
ac_cv_env_SNDIO_CFLAGS_set=
ac_cv_env_SNDIO_CFLAGS_value=
ac_cv_env_SNDIO_LIBS_set=
ac_cv_env_SNDIO_LIBS_value=
ac_cv_env_XMKMF_set=
ac_cv_env_XMKMF_value=
ac_cv_env_build_alias_set=
ac_cv_env_build_alias_value=
ac_cv_env_host_alias_set=
ac_cv_env_host_alias_value=
ac_cv_env_target_alias_set=
ac_cv_env_target_alias_value=
ac_cv_header_ctype_h=no
ac_cv_header_dlfcn_h=yes
ac_cv_header_float_h=no
ac_cv_header_iconv_h=no
ac_cv_header_inttypes_h=yes
ac_cv_header_limits_h=no
ac_cv_header_malloc_h=no
ac_cv_header_math_h=no
ac_cv_header_memory_h=no
ac_cv_header_signal_h=no
ac_cv_header_stdarg_h=no
ac_cv_header_stddef_h=no
ac_cv_header_stdint_h=yes
ac_cv_header_stdio_h=yes
ac_cv_header_stdlib_h=yes
ac_cv_header_string_h=yes
ac_cv_header_strings_h=yes
ac_cv_header_sys_stat_h=yes
ac_cv_header_sys_types_h=yes
ac_cv_header_unistd_h=yes
ac_cv_header_wchar_h=no
ac_cv_host=aarch64-apple-darwin23.5.0
ac_cv_objext=o
ac_cv_path_EGREP='/usr/bin/grep -E'
ac_cv_path_FGREP='/usr/bin/grep -F'
ac_cv_path_GREP=/usr/bin/grep
ac_cv_path_SED=/usr/bin/sed
ac_cv_path_ac_pt_PKG_CONFIG=/opt/homebrew/bin/pkg-config
ac_cv_path_install='/opt/homebrew/bin/ginstall -c'
ac_cv_path_lt_DD=/bin/dd
ac_cv_prog_AWK=awk
ac_cv_prog_CPP=/usr/bin/cpp
ac_cv_prog_CXXCPP='g++ -E'
ac_cv_prog_SORT=gsort
ac_cv_prog_ac_ct_AR=ar
ac_cv_prog_ac_ct_CC=gcc
ac_cv_prog_ac_ct_CXX=g++
ac_cv_prog_ac_ct_DSYMUTIL=dsymutil
ac_cv_prog_ac_ct_LIPO=lipo
ac_cv_prog_ac_ct_NMEDIT=nmedit
ac_cv_prog_ac_ct_OBJDUMP=objdump
ac_cv_prog_ac_ct_OTOOL=otool
ac_cv_prog_ac_ct_RANLIB=ranlib
ac_cv_prog_ac_ct_STRIP=strip
ac_cv_prog_cc_c11=
ac_cv_prog_cc_g=yes
ac_cv_prog_cc_stdc=
ac_cv_prog_cxx_11=no
ac_cv_prog_cxx_g=yes
ac_cv_prog_cxx_stdcxx=
ac_cv_prog_make_make_set=yes
ac_cv_sys_file_offset_bits=no
ac_cv_sys_largefile_CC=no
ac_cv_type_size_t=no
lt_cv_apple_cc_single_mod=no
lt_cv_ar_at_file=no
lt_cv_deplibs_check_method=pass_all
lt_cv_file_magic_cmd='$MAGIC_CMD'
lt_cv_file_magic_test_file=
lt_cv_ld_exported_symbols_list=yes
lt_cv_ld_force_load=yes
lt_cv_ld_reload_flag=-r
lt_cv_nm_interface='BSD nm'
lt_cv_objdir=.libs
lt_cv_path_LD=/Library/Developer/CommandLineTools/usr/bin/ld
lt_cv_path_LDCXX=/Library/Developer/CommandLineTools/usr/bin/ld
lt_cv_path_NM='/usr/bin/nm -B'
lt_cv_path_mainfest_tool=no
lt_cv_prog_compiler_c_o=yes
lt_cv_prog_compiler_c_o_CXX=yes
lt_cv_prog_compiler_c_o_RC=yes
lt_cv_prog_compiler_pic='-fno-common -DPIC'
lt_cv_prog_compiler_pic_CXX='-fno-common -DPIC'
lt_cv_prog_compiler_pic_works=yes
lt_cv_prog_compiler_pic_works_CXX=yes
lt_cv_prog_compiler_rtti_exceptions=yes
lt_cv_prog_compiler_static_works=no
lt_cv_prog_compiler_static_works_CXX=no
lt_cv_prog_gnu_ld=no
lt_cv_prog_gnu_ldcxx=no
lt_cv_sharedlib_from_linklib_cmd='printf %s\n'
lt_cv_sys_global_symbol_pipe='sed -n -e '\''s/^.*[	 ]\([ABCDGIRSTW][ABCDGIRSTW]*\)[	 ][	 ]*_\([_A-Za-z][_A-Za-z0-9]*\)$/\1 _\2 \2/p'\'' | sed '\''/ __gnu_lto/d'\'''
lt_cv_sys_global_symbol_to_c_name_address='sed -n -e '\''s/^: \(.*\) .*$/  {"\1", (void *) 0},/p'\'' -e '\''s/^[ABCDGIRSTW][ABCDGIRSTW]* .* \(.*\)$/  {"\1", (void *) \&\1},/p'\'''
lt_cv_sys_global_symbol_to_c_name_address_lib_prefix='sed -n -e '\''s/^: \(.*\) .*$/  {"\1", (void *) 0},/p'\'' -e '\''s/^[ABCDGIRSTW][ABCDGIRSTW]* .* \(lib.*\)$/  {"\1", (void *) \&\1},/p'\'' -e '\''s/^[ABCDGIRSTW][ABCDGIRSTW]* .* \(.*\)$/  {"lib\1", (void *) \&\1},/p'\'''
lt_cv_sys_global_symbol_to_cdecl='sed -n -e '\''s/^T .* \(.*\)$/extern int \1();/p'\'' -e '\''s/^[ABCDGIRSTW][ABCDGIRSTW]* .* \(.*\)$/extern char \1;/p'\'''
lt_cv_sys_global_symbol_to_import=
lt_cv_sys_max_cmd_len=786432
lt_cv_to_host_file_cmd=func_convert_file_noop
lt_cv_to_tool_file_cmd=func_convert_file_noop
lt_cv_truncate_bin='/bin/dd bs=4096 count=1'

## ----------------- ##
## Output variables. ##
## ----------------- ##

ALLOCA=''
ALSA_CFLAGS=''
ALSA_LIBS=''
AR='ar'
ARTSCONFIG=''
AS='as'
AWK='awk'
BUILD_CFLAGS='-g -O3 -DUSING_GENERATED_CONFIG_H'
BUILD_LDFLAGS=''
CC='gcc'
CFLAGS='-g -O2 -I/Users/eyalrothschild/Google Drive/My Drive/University/Projects/Chip8/SDL2-2.30.3/include -idirafter /Users/eyalrothschild/Google Drive/My Drive/University/Projects/Chip8/SDL2-2.30.3/src/video/khronos '
CPP='/usr/bin/cpp'
CPPFLAGS=' -I/Users/eyalrothschild/Google Drive/My Drive/University/Projects/Chip8/SDL2-2.30.3/include -idirafter /Users/eyalrothschild/Google Drive/My Drive/University/Projects/Chip8/SDL2-2.30.3/src/video/khronos '
CXX='g++'
CXXCPP='g++ -E'
CXXFLAGS='-g -O2'
DBUS_CFLAGS=''
DBUS_LIBS=''
DECOR_CFLAGS=''
DECOR_LIBS=''
DEFS=''
DIRECTFB_CFLAGS=''
DIRECTFB_LIBS=''
DLLTOOL='false'
DSYMUTIL='dsymutil'
DUMPBIN=''
ECHO_C='\c'
ECHO_N=''
ECHO_T=''
EGREP='/usr/bin/grep -E'
ENABLE_SHARED_FALSE=''
ENABLE_SHARED_TRUE=''
ENABLE_STATIC_FALSE=''
ENABLE_STATIC_TRUE=''
ESD_CFLAGS=''
ESD_CONFIG=''
ESD_LIBS=''
EXEEXT=''
EXTRA_CFLAGS='-I/Users/eyalrothschild/Google Drive/My Drive/University/Projects/Chip8/SDL2-2.30.3/include -idirafter /Users/eyalrothschild/Google Drive/My Drive/University/Projects/Chip8/SDL2-2.30.3/src/video/khronos  -DSDL_BUILD_MAJOR_VERSION=2 -DSDL_BUILD_MINOR_VERSION=30 -DSDL_BUILD_MICRO_VERSION=3'
EXTRA_LDFLAGS=''
FGREP='/usr/bin/grep -F'
FUSIONSOUND_CFLAGS=''
FUSIONSOUND_LIBS=''
GEN_HEADERS=''
GEN_OBJECTS=''
GREP='/usr/bin/grep'
IBUS_CFLAGS=''
IBUS_LIBS=''
INCLUDE='-I/Users/eyalrothschild/Google Drive/My Drive/University/Projects/Chip8/SDL2-2.30.3/include -idirafter /Users/eyalrothschild/Google Drive/My Drive/University/Projects/Chip8/SDL2-2.30.3/src/video/khronos'
INSTALL_DATA='${INSTALL} -m 644'
INSTALL_PROGRAM='${INSTALL}'
INSTALL_SCRIPT='${INSTALL}'
INSTALL_SDL2_CONFIG=''
JACK_CFLAGS=''
JACK_LIBS=''
LD='/Library/Developer/CommandLineTools/usr/bin/ld'
LDFLAGS=''
LIBDRM_CFLAGS=''
LIBDRM_LIBS=''
LIBGBM_CFLAGS=''
LIBGBM_LIBS=''
LIBOBJS=''
LIBS=''
LIBTOOL='$(SHELL) $(top_builddir)/libtool'
LIBTOOLLINKERTAG='CC'
LIBUSB_CFLAGS=''
LIBUSB_LIBS=''
LINKER='$(CC)'
LIPO='lipo'
LN_S='ln -s'
LTLIBOBJS=''
LT_AGE='3000'
LT_CURRENT='3000'
LT_RELEASE='2.0'
LT_REVISION='3'
LT_SYS_LIBRARY_PATH=''
MANIFEST_TOOL=':'
NM='/usr/bin/nm -B'
NMEDIT='nmedit'
OBJDUMP='objdump'
OBJECTS=''
OBJEXT='o'
OTOOL64=':'
OTOOL='otool'
PACKAGE_BUGREPORT=''
PACKAGE_NAME=''
PACKAGE_STRING=''
PACKAGE_TARNAME=''
PACKAGE_URL=''
PACKAGE_VERSION=''
PATH_SEPARATOR=':'
PIPEWIRE_CFLAGS=''
PIPEWIRE_LIBS=''
PKGCONFIG_DEPENDS=''
PKGCONFIG_LIBS_PRIV=''
PKG_CONFIG='/opt/homebrew/bin/pkg-config'
PKG_CONFIG_LIBDIR=''
PKG_CONFIG_PATH=''
PULSEAUDIO_CFLAGS=''
PULSEAUDIO_LIBS=''
RANLIB='ranlib'
RC=''
RPI_CFLAGS=''
RPI_LIBS=''
SDLMAIN_OBJECTS=''
SDLTEST_OBJECTS=''
SDL_BINARY_AGE='3003'
SDL_CFLAGS=''
SDL_INTERFACE_AGE='3'
SDL_LIBS='-lSDL2'
SDL_MAJOR_VERSION='2'
SDL_MICRO_VERSION='3'
SDL_MINOR_VERSION='30'
SDL_RLD_FLAGS=''
SDL_STATIC_LIBS=''
SDL_VENDOR_INFO=''
SDL_VERSION='2.30.3'
SED='/usr/bin/sed'
SET_MAKE=''
SHELL='/bin/sh'
SNDIO_CFLAGS=''
SNDIO_LIBS=''
SORT='gsort'
STRIP='strip'
VERSION_OBJECTS=''
WAYLAND_SCANNER=''
WAYLAND_SCANNER_CODE_MODE=''
XMKMF=''
X_CFLAGS=''
X_EXTRA_LIBS=''
X_LIBS=''
X_PRE_LIBS=''
ac_aux_dir='./build-scripts/'
ac_ct_AR='ar'
ac_ct_CC='gcc'
ac_ct_CXX='g++'
ac_ct_DUMPBIN=''
bin_prefix_relpath=''
bindir='${exec_prefix}/bin'
build='aarch64-apple-darwin23.5.0'
build_alias=''
build_cpu='aarch64'
build_os='darwin23.5.0'
build_vendor='apple'
cmake_prefix_relpath=''
datadir='${datarootdir}'
datarootdir='${prefix}/share'
docdir='${datarootdir}/doc/${PACKAGE}'
dvidir='${docdir}'
exec_prefix='NONE'
host='aarch64-apple-darwin23.5.0'
host_alias=''
host_cpu='aarch64'
host_os='darwin23.5.0'
host_vendor='apple'
htmldir='${docdir}'
includedir='${prefix}/include'
infodir='${datarootdir}/info'
libdir='${exec_prefix}/lib'
libexecdir='${exec_prefix}/libexec'
localedir='${datarootdir}/locale'
localstatedir='${prefix}/var'
mandir='${datarootdir}/man'
oldincludedir='/usr/include'
pdfdir='${docdir}'
prefix='NONE'
program_transform_name='s,x,x,'
psdir='${docdir}'
runstatedir='${localstatedir}/run'
sbindir='${exec_prefix}/sbin'
sharedstatedir='${prefix}/com'
sysconfdir='${prefix}/etc'
target_alias=''

## ----------- ##
## confdefs.h. ##
## ----------- ##

/* confdefs.h */
#define PACKAGE_NAME ""
#define PACKAGE_TARNAME ""
#define PACKAGE_VERSION ""
#define PACKAGE_STRING ""
#define PACKAGE_BUGREPORT ""
#define PACKAGE_URL ""
#define HAVE_STDIO_H 1
#define HAVE_STDLIB_H 1
#define HAVE_STRING_H 1
#define HAVE_INTTYPES_H 1
#define HAVE_STDINT_H 1
#define HAVE_STRINGS_H 1
#define HAVE_SYS_STAT_H 1
#define HAVE_SYS_TYPES_H 1
#define HAVE_UNISTD_H 1
#define STDC_HEADERS 1
#define HAVE_DLFCN_H 1
#define LT_OBJDIR ".libs/"
#define const /**/
#ifndef __cplusplus
#define inline 
#endif
#define volatile /**/
#define HAVE_LIBC 1
#define HAVE_SYS_TYPES_H 1
#define HAVE_STDIO_H 1
#define HAVE_STDLIB_H 1
#define HAVE_STRING_H 1
#define HAVE_STRINGS_H 1
#define HAVE_INTTYPES_H 1
#define HAVE_STDINT_H 1
#define size_t unsigned int

configure: exit 1
